2018-05-08 17:25:00,939 - RegioneToscanaCrawler - INFO - processing year 1998
2018-05-08 17:25:00,940 - RegioneToscanaCrawler - INFO - starting extraction from 0 to 200 for year 1998
2018-05-08 17:25:01,060 - RegioneToscanaCrawler - INFO - processing url http://www.regione.toscana.it/bancadati/search?site=atti&client=fend_json&output=xml_no_dtd&getfields=*&ulang=it&ie=UTF-8&proxystylesheet=fend_json&start=0&num=200&filter=0&rc=1&q=inmeta%3AID_TIPO_PRATICA%3DPG+AND+inmeta%3ADATA_ATTO%3A1998-01-01..1998-12-31+AND+inmeta%3ANUMERO%3A0..200+AND+inmeta%3AALLEGATO_DESCRIZIONE%3Dvoid&sort=meta%3ACODICE_PRATICA%3AA
2018-05-08 17:25:01,561 - RegioneToscanaCrawler - ERROR - no data for url http://www.regione.toscana.it/bancadati/search?site=atti&client=fend_json&output=xml_no_dtd&getfields=*&ulang=it&ie=UTF-8&proxystylesheet=fend_json&start=0&num=200&filter=0&rc=1&q=inmeta%3AID_TIPO_PRATICA%3DPG+AND+inmeta%3ADATA_ATTO%3A1998-01-01..1998-12-31+AND+inmeta%3ANUMERO%3A0..200+AND+inmeta%3AALLEGATO_DESCRIZIONE%3Dvoid&sort=meta%3ACODICE_PRATICA%3AA
2018-05-08 17:25:01,561 - RegioneToscanaCrawler - INFO - extracted 0 records for year 1998
2018-05-08 17:25:01,561 - RegioneToscanaCrawler - INFO - processing year 1999
2018-05-08 17:25:01,561 - RegioneToscanaCrawler - INFO - starting extraction from 0 to 200 for year 1999
2018-05-08 17:25:01,651 - RegioneToscanaCrawler - INFO - processing url http://www.regione.toscana.it/bancadati/search?site=atti&client=fend_json&output=xml_no_dtd&getfields=*&ulang=it&ie=UTF-8&proxystylesheet=fend_json&start=0&num=200&filter=0&rc=1&q=inmeta%3AID_TIPO_PRATICA%3DPG+AND+inmeta%3ADATA_ATTO%3A1999-01-01..1999-12-31+AND+inmeta%3ANUMERO%3A0..200+AND+inmeta%3AALLEGATO_DESCRIZIONE%3Dvoid&sort=meta%3ACODICE_PRATICA%3AA
2018-05-08 17:25:02,152 - RegioneToscanaCrawler - ERROR - no data for url http://www.regione.toscana.it/bancadati/search?site=atti&client=fend_json&output=xml_no_dtd&getfields=*&ulang=it&ie=UTF-8&proxystylesheet=fend_json&start=0&num=200&filter=0&rc=1&q=inmeta%3AID_TIPO_PRATICA%3DPG+AND+inmeta%3ADATA_ATTO%3A1999-01-01..1999-12-31+AND+inmeta%3ANUMERO%3A0..200+AND+inmeta%3AALLEGATO_DESCRIZIONE%3Dvoid&sort=meta%3ACODICE_PRATICA%3AA
2018-05-08 17:25:02,152 - RegioneToscanaCrawler - INFO - extracted 0 records for year 1999
2018-05-08 17:25:02,153 - RegioneToscanaCrawler - INFO - processing year 2000
2018-05-08 17:25:02,153 - RegioneToscanaCrawler - INFO - starting extraction from 0 to 200 for year 2000
2018-05-08 17:25:02,242 - RegioneToscanaCrawler - INFO - processing url http://www.regione.toscana.it/bancadati/search?site=atti&client=fend_json&output=xml_no_dtd&getfields=*&ulang=it&ie=UTF-8&proxystylesheet=fend_json&start=0&num=200&filter=0&rc=1&q=inmeta%3AID_TIPO_PRATICA%3DPG+AND+inmeta%3ADATA_ATTO%3A2000-01-01..2000-12-31+AND+inmeta%3ANUMERO%3A0..200+AND+inmeta%3AALLEGATO_DESCRIZIONE%3Dvoid&sort=meta%3ACODICE_PRATICA%3AA
2018-05-08 17:25:02,743 - RegioneToscanaCrawler - ERROR - no data for url http://www.regione.toscana.it/bancadati/search?site=atti&client=fend_json&output=xml_no_dtd&getfields=*&ulang=it&ie=UTF-8&proxystylesheet=fend_json&start=0&num=200&filter=0&rc=1&q=inmeta%3AID_TIPO_PRATICA%3DPG+AND+inmeta%3ADATA_ATTO%3A2000-01-01..2000-12-31+AND+inmeta%3ANUMERO%3A0..200+AND+inmeta%3AALLEGATO_DESCRIZIONE%3Dvoid&sort=meta%3ACODICE_PRATICA%3AA
2018-05-08 17:25:02,743 - RegioneToscanaCrawler - INFO - extracted 0 records for year 2000
2018-05-08 17:25:02,743 - RegioneToscanaCrawler - INFO - processing year 2001
2018-05-08 17:25:02,743 - RegioneToscanaCrawler - INFO - starting extraction from 0 to 200 for year 2001
2018-05-08 17:25:02,834 - RegioneToscanaCrawler - INFO - processing url http://www.regione.toscana.it/bancadati/search?site=atti&client=fend_json&output=xml_no_dtd&getfields=*&ulang=it&ie=UTF-8&proxystylesheet=fend_json&start=0&num=200&filter=0&rc=1&q=inmeta%3AID_TIPO_PRATICA%3DPG+AND+inmeta%3ADATA_ATTO%3A2001-01-01..2001-12-31+AND+inmeta%3ANUMERO%3A0..200+AND+inmeta%3AALLEGATO_DESCRIZIONE%3Dvoid&sort=meta%3ACODICE_PRATICA%3AA
2018-05-08 17:25:03,335 - RegioneToscanaCrawler - ERROR - no data for url http://www.regione.toscana.it/bancadati/search?site=atti&client=fend_json&output=xml_no_dtd&getfields=*&ulang=it&ie=UTF-8&proxystylesheet=fend_json&start=0&num=200&filter=0&rc=1&q=inmeta%3AID_TIPO_PRATICA%3DPG+AND+inmeta%3ADATA_ATTO%3A2001-01-01..2001-12-31+AND+inmeta%3ANUMERO%3A0..200+AND+inmeta%3AALLEGATO_DESCRIZIONE%3Dvoid&sort=meta%3ACODICE_PRATICA%3AA
2018-05-08 17:25:03,335 - RegioneToscanaCrawler - INFO - extracted 0 records for year 2001
2018-05-08 17:25:03,335 - RegioneToscanaCrawler - INFO - processing year 2002
2018-05-08 17:25:03,335 - RegioneToscanaCrawler - INFO - starting extraction from 0 to 200 for year 2002
2018-05-08 17:25:03,720 - RegioneToscanaCrawler - INFO - processing url http://www.regione.toscana.it/bancadati/search?site=atti&client=fend_json&output=xml_no_dtd&getfields=*&ulang=it&ie=UTF-8&proxystylesheet=fend_json&start=0&num=200&filter=0&rc=1&q=inmeta%3AID_TIPO_PRATICA%3DPG+AND+inmeta%3ADATA_ATTO%3A2002-01-01..2002-12-31+AND+inmeta%3ANUMERO%3A0..200+AND+inmeta%3AALLEGATO_DESCRIZIONE%3Dvoid&sort=meta%3ACODICE_PRATICA%3AA
2018-05-08 17:25:04,223 - RegioneToscanaCrawler - INFO - saving file data/atti_presidente/data-result-type_DPG-year_2002-from_0-to_200.json
2018-05-08 17:25:04,232 - RegioneToscanaCrawler - INFO - starting extraction from 200 to 400 for year 2002
2018-05-08 17:25:04,561 - RegioneToscanaCrawler - INFO - processing url http://www.regione.toscana.it/bancadati/search?site=atti&client=fend_json&output=xml_no_dtd&getfields=*&ulang=it&ie=UTF-8&proxystylesheet=fend_json&start=0&num=200&filter=0&rc=1&q=inmeta%3AID_TIPO_PRATICA%3DPG+AND+inmeta%3ADATA_ATTO%3A2002-01-01..2002-12-31+AND+inmeta%3ANUMERO%3A200..400+AND+inmeta%3AALLEGATO_DESCRIZIONE%3Dvoid&sort=meta%3ACODICE_PRATICA%3AA
2018-05-08 17:25:05,063 - RegioneToscanaCrawler - INFO - saving file data/atti_presidente/data-result-type_DPG-year_2002-from_200-to_400.json
2018-05-08 17:25:05,070 - RegioneToscanaCrawler - INFO - starting extraction from 400 to 600 for year 2002
2018-05-08 17:25:05,161 - RegioneToscanaCrawler - INFO - processing url http://www.regione.toscana.it/bancadati/search?site=atti&client=fend_json&output=xml_no_dtd&getfields=*&ulang=it&ie=UTF-8&proxystylesheet=fend_json&start=0&num=200&filter=0&rc=1&q=inmeta%3AID_TIPO_PRATICA%3DPG+AND+inmeta%3ADATA_ATTO%3A2002-01-01..2002-12-31+AND+inmeta%3ANUMERO%3A400..600+AND+inmeta%3AALLEGATO_DESCRIZIONE%3Dvoid&sort=meta%3ACODICE_PRATICA%3AA
2018-05-08 17:25:05,662 - RegioneToscanaCrawler - ERROR - no data for url http://www.regione.toscana.it/bancadati/search?site=atti&client=fend_json&output=xml_no_dtd&getfields=*&ulang=it&ie=UTF-8&proxystylesheet=fend_json&start=0&num=200&filter=0&rc=1&q=inmeta%3AID_TIPO_PRATICA%3DPG+AND+inmeta%3ADATA_ATTO%3A2002-01-01..2002-12-31+AND+inmeta%3ANUMERO%3A400..600+AND+inmeta%3AALLEGATO_DESCRIZIONE%3Dvoid&sort=meta%3ACODICE_PRATICA%3AA
2018-05-08 17:25:05,662 - RegioneToscanaCrawler - INFO - extracted 242 records for year 2002
2018-05-08 17:25:05,662 - RegioneToscanaCrawler - INFO - processing year 2003
2018-05-08 17:25:05,662 - RegioneToscanaCrawler - INFO - starting extraction from 0 to 200 for year 2003
2018-05-08 17:25:06,216 - RegioneToscanaCrawler - INFO - processing url http://www.regione.toscana.it/bancadati/search?site=atti&client=fend_json&output=xml_no_dtd&getfields=*&ulang=it&ie=UTF-8&proxystylesheet=fend_json&start=0&num=200&filter=0&rc=1&q=inmeta%3AID_TIPO_PRATICA%3DPG+AND+inmeta%3ADATA_ATTO%3A2003-01-01..2003-12-31+AND+inmeta%3ANUMERO%3A0..200+AND+inmeta%3AALLEGATO_DESCRIZIONE%3Dvoid&sort=meta%3ACODICE_PRATICA%3AA
2018-05-08 17:25:06,722 - RegioneToscanaCrawler - INFO - saving file data/atti_presidente/data-result-type_DPG-year_2003-from_0-to_200.json
2018-05-08 17:25:06,744 - RegioneToscanaCrawler - INFO - starting extraction from 200 to 400 for year 2003
2018-05-08 17:25:06,919 - RegioneToscanaCrawler - INFO - processing url http://www.regione.toscana.it/bancadati/search?site=atti&client=fend_json&output=xml_no_dtd&getfields=*&ulang=it&ie=UTF-8&proxystylesheet=fend_json&start=0&num=200&filter=0&rc=1&q=inmeta%3AID_TIPO_PRATICA%3DPG+AND+inmeta%3ADATA_ATTO%3A2003-01-01..2003-12-31+AND+inmeta%3ANUMERO%3A200..400+AND+inmeta%3AALLEGATO_DESCRIZIONE%3Dvoid&sort=meta%3ACODICE_PRATICA%3AA
2018-05-08 17:25:07,420 - RegioneToscanaCrawler - INFO - saving file data/atti_presidente/data-result-type_DPG-year_2003-from_200-to_400.json
2018-05-08 17:25:07,423 - RegioneToscanaCrawler - INFO - starting extraction from 400 to 600 for year 2003
2018-05-08 17:25:07,511 - RegioneToscanaCrawler - INFO - processing url http://www.regione.toscana.it/bancadati/search?site=atti&client=fend_json&output=xml_no_dtd&getfields=*&ulang=it&ie=UTF-8&proxystylesheet=fend_json&start=0&num=200&filter=0&rc=1&q=inmeta%3AID_TIPO_PRATICA%3DPG+AND+inmeta%3ADATA_ATTO%3A2003-01-01..2003-12-31+AND+inmeta%3ANUMERO%3A400..600+AND+inmeta%3AALLEGATO_DESCRIZIONE%3Dvoid&sort=meta%3ACODICE_PRATICA%3AA
2018-05-08 17:25:08,012 - RegioneToscanaCrawler - ERROR - no data for url http://www.regione.toscana.it/bancadati/search?site=atti&client=fend_json&output=xml_no_dtd&getfields=*&ulang=it&ie=UTF-8&proxystylesheet=fend_json&start=0&num=200&filter=0&rc=1&q=inmeta%3AID_TIPO_PRATICA%3DPG+AND+inmeta%3ADATA_ATTO%3A2003-01-01..2003-12-31+AND+inmeta%3ANUMERO%3A400..600+AND+inmeta%3AALLEGATO_DESCRIZIONE%3Dvoid&sort=meta%3ACODICE_PRATICA%3AA
2018-05-08 17:25:08,012 - RegioneToscanaCrawler - INFO - extracted 244 records for year 2003
2018-05-08 17:25:08,012 - RegioneToscanaCrawler - INFO - processing year 2004
2018-05-08 17:25:08,012 - RegioneToscanaCrawler - INFO - starting extraction from 0 to 200 for year 2004
2018-05-08 17:25:08,528 - RegioneToscanaCrawler - INFO - processing url http://www.regione.toscana.it/bancadati/search?site=atti&client=fend_json&output=xml_no_dtd&getfields=*&ulang=it&ie=UTF-8&proxystylesheet=fend_json&start=0&num=200&filter=0&rc=1&q=inmeta%3AID_TIPO_PRATICA%3DPG+AND+inmeta%3ADATA_ATTO%3A2004-01-01..2004-12-31+AND+inmeta%3ANUMERO%3A0..200+AND+inmeta%3AALLEGATO_DESCRIZIONE%3Dvoid&sort=meta%3ACODICE_PRATICA%3AA
2018-05-08 17:25:09,032 - RegioneToscanaCrawler - INFO - saving file data/atti_presidente/data-result-type_DPG-year_2004-from_0-to_200.json
2018-05-08 17:25:09,044 - RegioneToscanaCrawler - INFO - starting extraction from 200 to 400 for year 2004
2018-05-08 17:25:09,528 - RegioneToscanaCrawler - INFO - processing url http://www.regione.toscana.it/bancadati/search?site=atti&client=fend_json&output=xml_no_dtd&getfields=*&ulang=it&ie=UTF-8&proxystylesheet=fend_json&start=0&num=200&filter=0&rc=1&q=inmeta%3AID_TIPO_PRATICA%3DPG+AND+inmeta%3ADATA_ATTO%3A2004-01-01..2004-12-31+AND+inmeta%3ANUMERO%3A200..400+AND+inmeta%3AALLEGATO_DESCRIZIONE%3Dvoid&sort=meta%3ACODICE_PRATICA%3AA
2018-05-08 17:25:10,032 - RegioneToscanaCrawler - INFO - saving file data/atti_presidente/data-result-type_DPG-year_2004-from_200-to_400.json
2018-05-08 17:25:10,043 - RegioneToscanaCrawler - INFO - starting extraction from 400 to 600 for year 2004
2018-05-08 17:25:10,132 - RegioneToscanaCrawler - INFO - processing url http://www.regione.toscana.it/bancadati/search?site=atti&client=fend_json&output=xml_no_dtd&getfields=*&ulang=it&ie=UTF-8&proxystylesheet=fend_json&start=0&num=200&filter=0&rc=1&q=inmeta%3AID_TIPO_PRATICA%3DPG+AND+inmeta%3ADATA_ATTO%3A2004-01-01..2004-12-31+AND+inmeta%3ANUMERO%3A400..600+AND+inmeta%3AALLEGATO_DESCRIZIONE%3Dvoid&sort=meta%3ACODICE_PRATICA%3AA
2018-05-08 17:25:10,633 - RegioneToscanaCrawler - ERROR - no data for url http://www.regione.toscana.it/bancadati/search?site=atti&client=fend_json&output=xml_no_dtd&getfields=*&ulang=it&ie=UTF-8&proxystylesheet=fend_json&start=0&num=200&filter=0&rc=1&q=inmeta%3AID_TIPO_PRATICA%3DPG+AND+inmeta%3ADATA_ATTO%3A2004-01-01..2004-12-31+AND+inmeta%3ANUMERO%3A400..600+AND+inmeta%3AALLEGATO_DESCRIZIONE%3Dvoid&sort=meta%3ACODICE_PRATICA%3AA
2018-05-08 17:25:10,633 - RegioneToscanaCrawler - INFO - extracted 386 records for year 2004
2018-05-08 17:25:10,633 - RegioneToscanaCrawler - INFO - processing year 2005
2018-05-08 17:25:10,633 - RegioneToscanaCrawler - INFO - starting extraction from 0 to 200 for year 2005
2018-05-08 17:25:11,190 - RegioneToscanaCrawler - INFO - processing url http://www.regione.toscana.it/bancadati/search?site=atti&client=fend_json&output=xml_no_dtd&getfields=*&ulang=it&ie=UTF-8&proxystylesheet=fend_json&start=0&num=200&filter=0&rc=1&q=inmeta%3AID_TIPO_PRATICA%3DPG+AND+inmeta%3ADATA_ATTO%3A2005-01-01..2005-12-31+AND+inmeta%3ANUMERO%3A0..200+AND+inmeta%3AALLEGATO_DESCRIZIONE%3Dvoid&sort=meta%3ACODICE_PRATICA%3AA
2018-05-08 17:25:11,694 - RegioneToscanaCrawler - INFO - saving file data/atti_presidente/data-result-type_DPG-year_2005-from_0-to_200.json
2018-05-08 17:25:11,707 - RegioneToscanaCrawler - INFO - starting extraction from 200 to 400 for year 2005
2018-05-08 17:25:11,892 - RegioneToscanaCrawler - INFO - processing url http://www.regione.toscana.it/bancadati/search?site=atti&client=fend_json&output=xml_no_dtd&getfields=*&ulang=it&ie=UTF-8&proxystylesheet=fend_json&start=0&num=200&filter=0&rc=1&q=inmeta%3AID_TIPO_PRATICA%3DPG+AND+inmeta%3ADATA_ATTO%3A2005-01-01..2005-12-31+AND+inmeta%3ANUMERO%3A200..400+AND+inmeta%3AALLEGATO_DESCRIZIONE%3Dvoid&sort=meta%3ACODICE_PRATICA%3AA
2018-05-08 17:25:12,393 - RegioneToscanaCrawler - INFO - saving file data/atti_presidente/data-result-type_DPG-year_2005-from_200-to_400.json
2018-05-08 17:25:12,396 - RegioneToscanaCrawler - INFO - starting extraction from 400 to 600 for year 2005
2018-05-08 17:25:12,485 - RegioneToscanaCrawler - INFO - processing url http://www.regione.toscana.it/bancadati/search?site=atti&client=fend_json&output=xml_no_dtd&getfields=*&ulang=it&ie=UTF-8&proxystylesheet=fend_json&start=0&num=200&filter=0&rc=1&q=inmeta%3AID_TIPO_PRATICA%3DPG+AND+inmeta%3ADATA_ATTO%3A2005-01-01..2005-12-31+AND+inmeta%3ANUMERO%3A400..600+AND+inmeta%3AALLEGATO_DESCRIZIONE%3Dvoid&sort=meta%3ACODICE_PRATICA%3AA
2018-05-08 17:25:12,986 - RegioneToscanaCrawler - ERROR - no data for url http://www.regione.toscana.it/bancadati/search?site=atti&client=fend_json&output=xml_no_dtd&getfields=*&ulang=it&ie=UTF-8&proxystylesheet=fend_json&start=0&num=200&filter=0&rc=1&q=inmeta%3AID_TIPO_PRATICA%3DPG+AND+inmeta%3ADATA_ATTO%3A2005-01-01..2005-12-31+AND+inmeta%3ANUMERO%3A400..600+AND+inmeta%3AALLEGATO_DESCRIZIONE%3Dvoid&sort=meta%3ACODICE_PRATICA%3AA
2018-05-08 17:25:12,986 - RegioneToscanaCrawler - INFO - extracted 248 records for year 2005
2018-05-08 17:25:12,986 - RegioneToscanaCrawler - INFO - processing year 2006
2018-05-08 17:25:12,986 - RegioneToscanaCrawler - INFO - starting extraction from 0 to 200 for year 2006
2018-05-08 17:25:13,543 - RegioneToscanaCrawler - INFO - processing url http://www.regione.toscana.it/bancadati/search?site=atti&client=fend_json&output=xml_no_dtd&getfields=*&ulang=it&ie=UTF-8&proxystylesheet=fend_json&start=0&num=200&filter=0&rc=1&q=inmeta%3AID_TIPO_PRATICA%3DPG+AND+inmeta%3ADATA_ATTO%3A2006-01-01..2006-12-31+AND+inmeta%3ANUMERO%3A0..200+AND+inmeta%3AALLEGATO_DESCRIZIONE%3Dvoid&sort=meta%3ACODICE_PRATICA%3AA
2018-05-08 17:25:14,047 - RegioneToscanaCrawler - INFO - saving file data/atti_presidente/data-result-type_DPG-year_2006-from_0-to_200.json
2018-05-08 17:25:14,060 - RegioneToscanaCrawler - INFO - starting extraction from 200 to 400 for year 2006
2018-05-08 17:25:14,284 - RegioneToscanaCrawler - INFO - processing url http://www.regione.toscana.it/bancadati/search?site=atti&client=fend_json&output=xml_no_dtd&getfields=*&ulang=it&ie=UTF-8&proxystylesheet=fend_json&start=0&num=200&filter=0&rc=1&q=inmeta%3AID_TIPO_PRATICA%3DPG+AND+inmeta%3ADATA_ATTO%3A2006-01-01..2006-12-31+AND+inmeta%3ANUMERO%3A200..400+AND+inmeta%3AALLEGATO_DESCRIZIONE%3Dvoid&sort=meta%3ACODICE_PRATICA%3AA
2018-05-08 17:25:14,786 - RegioneToscanaCrawler - INFO - saving file data/atti_presidente/data-result-type_DPG-year_2006-from_200-to_400.json
2018-05-08 17:25:14,793 - RegioneToscanaCrawler - INFO - starting extraction from 400 to 600 for year 2006
2018-05-08 17:25:14,879 - RegioneToscanaCrawler - INFO - processing url http://www.regione.toscana.it/bancadati/search?site=atti&client=fend_json&output=xml_no_dtd&getfields=*&ulang=it&ie=UTF-8&proxystylesheet=fend_json&start=0&num=200&filter=0&rc=1&q=inmeta%3AID_TIPO_PRATICA%3DPG+AND+inmeta%3ADATA_ATTO%3A2006-01-01..2006-12-31+AND+inmeta%3ANUMERO%3A400..600+AND+inmeta%3AALLEGATO_DESCRIZIONE%3Dvoid&sort=meta%3ACODICE_PRATICA%3AA
2018-05-08 17:25:15,380 - RegioneToscanaCrawler - ERROR - no data for url http://www.regione.toscana.it/bancadati/search?site=atti&client=fend_json&output=xml_no_dtd&getfields=*&ulang=it&ie=UTF-8&proxystylesheet=fend_json&start=0&num=200&filter=0&rc=1&q=inmeta%3AID_TIPO_PRATICA%3DPG+AND+inmeta%3ADATA_ATTO%3A2006-01-01..2006-12-31+AND+inmeta%3ANUMERO%3A400..600+AND+inmeta%3AALLEGATO_DESCRIZIONE%3Dvoid&sort=meta%3ACODICE_PRATICA%3AA
2018-05-08 17:25:15,380 - RegioneToscanaCrawler - INFO - extracted 266 records for year 2006
2018-05-08 17:25:15,380 - RegioneToscanaCrawler - INFO - processing year 2007
2018-05-08 17:25:15,380 - RegioneToscanaCrawler - INFO - starting extraction from 0 to 200 for year 2007
2018-05-08 17:25:15,930 - RegioneToscanaCrawler - INFO - processing url http://www.regione.toscana.it/bancadati/search?site=atti&client=fend_json&output=xml_no_dtd&getfields=*&ulang=it&ie=UTF-8&proxystylesheet=fend_json&start=0&num=200&filter=0&rc=1&q=inmeta%3AID_TIPO_PRATICA%3DPG+AND+inmeta%3ADATA_ATTO%3A2007-01-01..2007-12-31+AND+inmeta%3ANUMERO%3A0..200+AND+inmeta%3AALLEGATO_DESCRIZIONE%3Dvoid&sort=meta%3ACODICE_PRATICA%3AA
2018-05-08 17:25:16,438 - RegioneToscanaCrawler - INFO - saving file data/atti_presidente/data-result-type_DPG-year_2007-from_0-to_200.json
2018-05-08 17:25:16,452 - RegioneToscanaCrawler - INFO - starting extraction from 200 to 400 for year 2007
2018-05-08 17:25:16,555 - RegioneToscanaCrawler - INFO - processing url http://www.regione.toscana.it/bancadati/search?site=atti&client=fend_json&output=xml_no_dtd&getfields=*&ulang=it&ie=UTF-8&proxystylesheet=fend_json&start=0&num=200&filter=0&rc=1&q=inmeta%3AID_TIPO_PRATICA%3DPG+AND+inmeta%3ADATA_ATTO%3A2007-01-01..2007-12-31+AND+inmeta%3ANUMERO%3A200..400+AND+inmeta%3AALLEGATO_DESCRIZIONE%3Dvoid&sort=meta%3ACODICE_PRATICA%3AA
2018-05-08 17:25:17,056 - RegioneToscanaCrawler - INFO - saving file data/atti_presidente/data-result-type_DPG-year_2007-from_200-to_400.json
2018-05-08 17:25:17,057 - RegioneToscanaCrawler - INFO - starting extraction from 400 to 600 for year 2007
2018-05-08 17:25:17,141 - RegioneToscanaCrawler - INFO - processing url http://www.regione.toscana.it/bancadati/search?site=atti&client=fend_json&output=xml_no_dtd&getfields=*&ulang=it&ie=UTF-8&proxystylesheet=fend_json&start=0&num=200&filter=0&rc=1&q=inmeta%3AID_TIPO_PRATICA%3DPG+AND+inmeta%3ADATA_ATTO%3A2007-01-01..2007-12-31+AND+inmeta%3ANUMERO%3A400..600+AND+inmeta%3AALLEGATO_DESCRIZIONE%3Dvoid&sort=meta%3ACODICE_PRATICA%3AA
2018-05-08 17:25:17,641 - RegioneToscanaCrawler - ERROR - no data for url http://www.regione.toscana.it/bancadati/search?site=atti&client=fend_json&output=xml_no_dtd&getfields=*&ulang=it&ie=UTF-8&proxystylesheet=fend_json&start=0&num=200&filter=0&rc=1&q=inmeta%3AID_TIPO_PRATICA%3DPG+AND+inmeta%3ADATA_ATTO%3A2007-01-01..2007-12-31+AND+inmeta%3ANUMERO%3A400..600+AND+inmeta%3AALLEGATO_DESCRIZIONE%3Dvoid&sort=meta%3ACODICE_PRATICA%3AA
2018-05-08 17:25:17,641 - RegioneToscanaCrawler - INFO - extracted 208 records for year 2007
2018-05-08 17:25:17,642 - RegioneToscanaCrawler - INFO - processing year 2008
2018-05-08 17:25:17,642 - RegioneToscanaCrawler - INFO - starting extraction from 0 to 200 for year 2008
2018-05-08 17:25:18,201 - RegioneToscanaCrawler - INFO - processing url http://www.regione.toscana.it/bancadati/search?site=atti&client=fend_json&output=xml_no_dtd&getfields=*&ulang=it&ie=UTF-8&proxystylesheet=fend_json&start=0&num=200&filter=0&rc=1&q=inmeta%3AID_TIPO_PRATICA%3DPG+AND+inmeta%3ADATA_ATTO%3A2008-01-01..2008-12-31+AND+inmeta%3ANUMERO%3A0..200+AND+inmeta%3AALLEGATO_DESCRIZIONE%3Dvoid&sort=meta%3ACODICE_PRATICA%3AA
2018-05-08 17:25:18,705 - RegioneToscanaCrawler - INFO - saving file data/atti_presidente/data-result-type_DPG-year_2008-from_0-to_200.json
2018-05-08 17:25:18,718 - RegioneToscanaCrawler - INFO - starting extraction from 200 to 400 for year 2008
2018-05-08 17:25:18,855 - RegioneToscanaCrawler - INFO - processing url http://www.regione.toscana.it/bancadati/search?site=atti&client=fend_json&output=xml_no_dtd&getfields=*&ulang=it&ie=UTF-8&proxystylesheet=fend_json&start=0&num=200&filter=0&rc=1&q=inmeta%3AID_TIPO_PRATICA%3DPG+AND+inmeta%3ADATA_ATTO%3A2008-01-01..2008-12-31+AND+inmeta%3ANUMERO%3A200..400+AND+inmeta%3AALLEGATO_DESCRIZIONE%3Dvoid&sort=meta%3ACODICE_PRATICA%3AA
2018-05-08 17:25:19,356 - RegioneToscanaCrawler - INFO - saving file data/atti_presidente/data-result-type_DPG-year_2008-from_200-to_400.json
2018-05-08 17:25:19,358 - RegioneToscanaCrawler - INFO - starting extraction from 400 to 600 for year 2008
2018-05-08 17:25:19,445 - RegioneToscanaCrawler - INFO - processing url http://www.regione.toscana.it/bancadati/search?site=atti&client=fend_json&output=xml_no_dtd&getfields=*&ulang=it&ie=UTF-8&proxystylesheet=fend_json&start=0&num=200&filter=0&rc=1&q=inmeta%3AID_TIPO_PRATICA%3DPG+AND+inmeta%3ADATA_ATTO%3A2008-01-01..2008-12-31+AND+inmeta%3ANUMERO%3A400..600+AND+inmeta%3AALLEGATO_DESCRIZIONE%3Dvoid&sort=meta%3ACODICE_PRATICA%3AA
2018-05-08 17:25:19,946 - RegioneToscanaCrawler - ERROR - no data for url http://www.regione.toscana.it/bancadati/search?site=atti&client=fend_json&output=xml_no_dtd&getfields=*&ulang=it&ie=UTF-8&proxystylesheet=fend_json&start=0&num=200&filter=0&rc=1&q=inmeta%3AID_TIPO_PRATICA%3DPG+AND+inmeta%3ADATA_ATTO%3A2008-01-01..2008-12-31+AND+inmeta%3ANUMERO%3A400..600+AND+inmeta%3AALLEGATO_DESCRIZIONE%3Dvoid&sort=meta%3ACODICE_PRATICA%3AA
2018-05-08 17:25:19,946 - RegioneToscanaCrawler - INFO - extracted 226 records for year 2008
2018-05-08 17:25:19,946 - RegioneToscanaCrawler - INFO - processing year 2009
2018-05-08 17:25:19,946 - RegioneToscanaCrawler - INFO - starting extraction from 0 to 200 for year 2009
2018-05-08 17:25:34,327 - RegioneToscanaCrawler - INFO - processing url http://www.regione.toscana.it/bancadati/search?site=atti&client=fend_json&output=xml_no_dtd&getfields=*&ulang=it&ie=UTF-8&proxystylesheet=fend_json&start=0&num=200&filter=0&rc=1&q=inmeta%3AID_TIPO_PRATICA%3DPG+AND+inmeta%3ADATA_ATTO%3A2009-01-01..2009-12-31+AND+inmeta%3ANUMERO%3A0..200+AND+inmeta%3AALLEGATO_DESCRIZIONE%3Dvoid&sort=meta%3ACODICE_PRATICA%3AA
2018-05-08 17:25:34,830 - RegioneToscanaCrawler - INFO - saving file data/atti_presidente/data-result-type_DPG-year_2009-from_0-to_200.json
2018-05-08 17:25:34,843 - RegioneToscanaCrawler - INFO - starting extraction from 200 to 400 for year 2009
2018-05-08 17:25:34,995 - RegioneToscanaCrawler - INFO - processing url http://www.regione.toscana.it/bancadati/search?site=atti&client=fend_json&output=xml_no_dtd&getfields=*&ulang=it&ie=UTF-8&proxystylesheet=fend_json&start=0&num=200&filter=0&rc=1&q=inmeta%3AID_TIPO_PRATICA%3DPG+AND+inmeta%3ADATA_ATTO%3A2009-01-01..2009-12-31+AND+inmeta%3ANUMERO%3A200..400+AND+inmeta%3AALLEGATO_DESCRIZIONE%3Dvoid&sort=meta%3ACODICE_PRATICA%3AA
2018-05-08 17:25:35,496 - RegioneToscanaCrawler - INFO - saving file data/atti_presidente/data-result-type_DPG-year_2009-from_200-to_400.json
2018-05-08 17:25:35,498 - RegioneToscanaCrawler - INFO - starting extraction from 400 to 600 for year 2009
2018-05-08 17:25:35,584 - RegioneToscanaCrawler - INFO - processing url http://www.regione.toscana.it/bancadati/search?site=atti&client=fend_json&output=xml_no_dtd&getfields=*&ulang=it&ie=UTF-8&proxystylesheet=fend_json&start=0&num=200&filter=0&rc=1&q=inmeta%3AID_TIPO_PRATICA%3DPG+AND+inmeta%3ADATA_ATTO%3A2009-01-01..2009-12-31+AND+inmeta%3ANUMERO%3A400..600+AND+inmeta%3AALLEGATO_DESCRIZIONE%3Dvoid&sort=meta%3ACODICE_PRATICA%3AA
2018-05-08 17:25:36,085 - RegioneToscanaCrawler - ERROR - no data for url http://www.regione.toscana.it/bancadati/search?site=atti&client=fend_json&output=xml_no_dtd&getfields=*&ulang=it&ie=UTF-8&proxystylesheet=fend_json&start=0&num=200&filter=0&rc=1&q=inmeta%3AID_TIPO_PRATICA%3DPG+AND+inmeta%3ADATA_ATTO%3A2009-01-01..2009-12-31+AND+inmeta%3ANUMERO%3A400..600+AND+inmeta%3AALLEGATO_DESCRIZIONE%3Dvoid&sort=meta%3ACODICE_PRATICA%3AA
2018-05-08 17:25:36,085 - RegioneToscanaCrawler - INFO - extracted 229 records for year 2009
2018-05-08 17:25:36,085 - RegioneToscanaCrawler - INFO - processing year 2010
2018-05-08 17:25:36,085 - RegioneToscanaCrawler - INFO - starting extraction from 0 to 200 for year 2010
2018-05-08 17:25:36,663 - RegioneToscanaCrawler - INFO - processing url http://www.regione.toscana.it/bancadati/search?site=atti&client=fend_json&output=xml_no_dtd&getfields=*&ulang=it&ie=UTF-8&proxystylesheet=fend_json&start=0&num=200&filter=0&rc=1&q=inmeta%3AID_TIPO_PRATICA%3DPG+AND+inmeta%3ADATA_ATTO%3A2010-01-01..2010-12-31+AND+inmeta%3ANUMERO%3A0..200+AND+inmeta%3AALLEGATO_DESCRIZIONE%3Dvoid&sort=meta%3ACODICE_PRATICA%3AA
2018-05-08 17:25:37,168 - RegioneToscanaCrawler - INFO - saving file data/atti_presidente/data-result-type_DPG-year_2010-from_0-to_200.json
2018-05-08 17:25:37,190 - RegioneToscanaCrawler - INFO - starting extraction from 200 to 400 for year 2010
2018-05-08 17:25:37,386 - RegioneToscanaCrawler - INFO - processing url http://www.regione.toscana.it/bancadati/search?site=atti&client=fend_json&output=xml_no_dtd&getfields=*&ulang=it&ie=UTF-8&proxystylesheet=fend_json&start=0&num=200&filter=0&rc=1&q=inmeta%3AID_TIPO_PRATICA%3DPG+AND+inmeta%3ADATA_ATTO%3A2010-01-01..2010-12-31+AND+inmeta%3ANUMERO%3A200..400+AND+inmeta%3AALLEGATO_DESCRIZIONE%3Dvoid&sort=meta%3ACODICE_PRATICA%3AA
2018-05-08 17:25:37,888 - RegioneToscanaCrawler - INFO - saving file data/atti_presidente/data-result-type_DPG-year_2010-from_200-to_400.json
2018-05-08 17:25:37,893 - RegioneToscanaCrawler - INFO - starting extraction from 400 to 600 for year 2010
2018-05-08 17:25:37,979 - RegioneToscanaCrawler - INFO - processing url http://www.regione.toscana.it/bancadati/search?site=atti&client=fend_json&output=xml_no_dtd&getfields=*&ulang=it&ie=UTF-8&proxystylesheet=fend_json&start=0&num=200&filter=0&rc=1&q=inmeta%3AID_TIPO_PRATICA%3DPG+AND+inmeta%3ADATA_ATTO%3A2010-01-01..2010-12-31+AND+inmeta%3ANUMERO%3A400..600+AND+inmeta%3AALLEGATO_DESCRIZIONE%3Dvoid&sort=meta%3ACODICE_PRATICA%3AA
2018-05-08 17:25:38,480 - RegioneToscanaCrawler - ERROR - no data for url http://www.regione.toscana.it/bancadati/search?site=atti&client=fend_json&output=xml_no_dtd&getfields=*&ulang=it&ie=UTF-8&proxystylesheet=fend_json&start=0&num=200&filter=0&rc=1&q=inmeta%3AID_TIPO_PRATICA%3DPG+AND+inmeta%3ADATA_ATTO%3A2010-01-01..2010-12-31+AND+inmeta%3ANUMERO%3A400..600+AND+inmeta%3AALLEGATO_DESCRIZIONE%3Dvoid&sort=meta%3ACODICE_PRATICA%3AA
2018-05-08 17:25:38,480 - RegioneToscanaCrawler - INFO - extracted 251 records for year 2010
2018-05-08 17:25:38,480 - RegioneToscanaCrawler - INFO - processing year 2011
2018-05-08 17:25:38,480 - RegioneToscanaCrawler - INFO - starting extraction from 0 to 200 for year 2011
2018-05-08 17:25:44,143 - RegioneToscanaCrawler - INFO - processing url http://www.regione.toscana.it/bancadati/search?site=atti&client=fend_json&output=xml_no_dtd&getfields=*&ulang=it&ie=UTF-8&proxystylesheet=fend_json&start=0&num=200&filter=0&rc=1&q=inmeta%3AID_TIPO_PRATICA%3DPG+AND+inmeta%3ADATA_ATTO%3A2011-01-01..2011-12-31+AND+inmeta%3ANUMERO%3A0..200+AND+inmeta%3AALLEGATO_DESCRIZIONE%3Dvoid&sort=meta%3ACODICE_PRATICA%3AA
2018-05-08 17:25:44,646 - RegioneToscanaCrawler - INFO - saving file data/atti_presidente/data-result-type_DPG-year_2011-from_0-to_200.json
2018-05-08 17:25:44,659 - RegioneToscanaCrawler - INFO - starting extraction from 200 to 400 for year 2011
2018-05-08 17:25:44,848 - RegioneToscanaCrawler - INFO - processing url http://www.regione.toscana.it/bancadati/search?site=atti&client=fend_json&output=xml_no_dtd&getfields=*&ulang=it&ie=UTF-8&proxystylesheet=fend_json&start=0&num=200&filter=0&rc=1&q=inmeta%3AID_TIPO_PRATICA%3DPG+AND+inmeta%3ADATA_ATTO%3A2011-01-01..2011-12-31+AND+inmeta%3ANUMERO%3A200..400+AND+inmeta%3AALLEGATO_DESCRIZIONE%3Dvoid&sort=meta%3ACODICE_PRATICA%3AA
2018-05-08 17:25:45,350 - RegioneToscanaCrawler - INFO - saving file data/atti_presidente/data-result-type_DPG-year_2011-from_200-to_400.json
2018-05-08 17:25:45,356 - RegioneToscanaCrawler - INFO - starting extraction from 400 to 600 for year 2011
2018-05-08 17:25:45,454 - RegioneToscanaCrawler - INFO - processing url http://www.regione.toscana.it/bancadati/search?site=atti&client=fend_json&output=xml_no_dtd&getfields=*&ulang=it&ie=UTF-8&proxystylesheet=fend_json&start=0&num=200&filter=0&rc=1&q=inmeta%3AID_TIPO_PRATICA%3DPG+AND+inmeta%3ADATA_ATTO%3A2011-01-01..2011-12-31+AND+inmeta%3ANUMERO%3A400..600+AND+inmeta%3AALLEGATO_DESCRIZIONE%3Dvoid&sort=meta%3ACODICE_PRATICA%3AA
2018-05-08 17:25:45,955 - RegioneToscanaCrawler - ERROR - no data for url http://www.regione.toscana.it/bancadati/search?site=atti&client=fend_json&output=xml_no_dtd&getfields=*&ulang=it&ie=UTF-8&proxystylesheet=fend_json&start=0&num=200&filter=0&rc=1&q=inmeta%3AID_TIPO_PRATICA%3DPG+AND+inmeta%3ADATA_ATTO%3A2011-01-01..2011-12-31+AND+inmeta%3ANUMERO%3A400..600+AND+inmeta%3AALLEGATO_DESCRIZIONE%3Dvoid&sort=meta%3ACODICE_PRATICA%3AA
2018-05-08 17:25:45,955 - RegioneToscanaCrawler - INFO - extracted 247 records for year 2011
2018-05-08 17:25:45,955 - RegioneToscanaCrawler - INFO - processing year 2012
2018-05-08 17:25:45,955 - RegioneToscanaCrawler - INFO - starting extraction from 0 to 200 for year 2012
2018-05-08 17:25:46,842 - RegioneToscanaCrawler - INFO - processing url http://www.regione.toscana.it/bancadati/search?site=atti&client=fend_json&output=xml_no_dtd&getfields=*&ulang=it&ie=UTF-8&proxystylesheet=fend_json&start=0&num=200&filter=0&rc=1&q=inmeta%3AID_TIPO_PRATICA%3DPG+AND+inmeta%3ADATA_ATTO%3A2012-01-01..2012-12-31+AND+inmeta%3ANUMERO%3A0..200+AND+inmeta%3AALLEGATO_DESCRIZIONE%3Dvoid&sort=meta%3ACODICE_PRATICA%3AA
2018-05-08 17:25:47,346 - RegioneToscanaCrawler - INFO - saving file data/atti_presidente/data-result-type_DPG-year_2012-from_0-to_200.json
2018-05-08 17:25:47,360 - RegioneToscanaCrawler - INFO - starting extraction from 200 to 400 for year 2012
2018-05-08 17:25:47,503 - RegioneToscanaCrawler - INFO - processing url http://www.regione.toscana.it/bancadati/search?site=atti&client=fend_json&output=xml_no_dtd&getfields=*&ulang=it&ie=UTF-8&proxystylesheet=fend_json&start=0&num=200&filter=0&rc=1&q=inmeta%3AID_TIPO_PRATICA%3DPG+AND+inmeta%3ADATA_ATTO%3A2012-01-01..2012-12-31+AND+inmeta%3ANUMERO%3A200..400+AND+inmeta%3AALLEGATO_DESCRIZIONE%3Dvoid&sort=meta%3ACODICE_PRATICA%3AA
2018-05-08 17:25:48,004 - RegioneToscanaCrawler - INFO - saving file data/atti_presidente/data-result-type_DPG-year_2012-from_200-to_400.json
2018-05-08 17:25:48,006 - RegioneToscanaCrawler - INFO - starting extraction from 400 to 600 for year 2012
2018-05-08 17:25:48,094 - RegioneToscanaCrawler - INFO - processing url http://www.regione.toscana.it/bancadati/search?site=atti&client=fend_json&output=xml_no_dtd&getfields=*&ulang=it&ie=UTF-8&proxystylesheet=fend_json&start=0&num=200&filter=0&rc=1&q=inmeta%3AID_TIPO_PRATICA%3DPG+AND+inmeta%3ADATA_ATTO%3A2012-01-01..2012-12-31+AND+inmeta%3ANUMERO%3A400..600+AND+inmeta%3AALLEGATO_DESCRIZIONE%3Dvoid&sort=meta%3ACODICE_PRATICA%3AA
2018-05-08 17:25:48,594 - RegioneToscanaCrawler - ERROR - no data for url http://www.regione.toscana.it/bancadati/search?site=atti&client=fend_json&output=xml_no_dtd&getfields=*&ulang=it&ie=UTF-8&proxystylesheet=fend_json&start=0&num=200&filter=0&rc=1&q=inmeta%3AID_TIPO_PRATICA%3DPG+AND+inmeta%3ADATA_ATTO%3A2012-01-01..2012-12-31+AND+inmeta%3ANUMERO%3A400..600+AND+inmeta%3AALLEGATO_DESCRIZIONE%3Dvoid&sort=meta%3ACODICE_PRATICA%3AA
2018-05-08 17:25:48,595 - RegioneToscanaCrawler - INFO - extracted 223 records for year 2012
2018-05-08 17:25:48,595 - RegioneToscanaCrawler - INFO - processing year 2013
2018-05-08 17:25:48,595 - RegioneToscanaCrawler - INFO - starting extraction from 0 to 200 for year 2013
2018-05-08 17:25:49,457 - RegioneToscanaCrawler - INFO - processing url http://www.regione.toscana.it/bancadati/search?site=atti&client=fend_json&output=xml_no_dtd&getfields=*&ulang=it&ie=UTF-8&proxystylesheet=fend_json&start=0&num=200&filter=0&rc=1&q=inmeta%3AID_TIPO_PRATICA%3DPG+AND+inmeta%3ADATA_ATTO%3A2013-01-01..2013-12-31+AND+inmeta%3ANUMERO%3A0..200+AND+inmeta%3AALLEGATO_DESCRIZIONE%3Dvoid&sort=meta%3ACODICE_PRATICA%3AA
2018-05-08 17:25:49,960 - RegioneToscanaCrawler - INFO - saving file data/atti_presidente/data-result-type_DPG-year_2013-from_0-to_200.json
2018-05-08 17:25:49,973 - RegioneToscanaCrawler - INFO - starting extraction from 200 to 400 for year 2013
2018-05-08 17:25:50,072 - RegioneToscanaCrawler - INFO - processing url http://www.regione.toscana.it/bancadati/search?site=atti&client=fend_json&output=xml_no_dtd&getfields=*&ulang=it&ie=UTF-8&proxystylesheet=fend_json&start=0&num=200&filter=0&rc=1&q=inmeta%3AID_TIPO_PRATICA%3DPG+AND+inmeta%3ADATA_ATTO%3A2013-01-01..2013-12-31+AND+inmeta%3ANUMERO%3A200..400+AND+inmeta%3AALLEGATO_DESCRIZIONE%3Dvoid&sort=meta%3ACODICE_PRATICA%3AA
2018-05-08 17:25:50,573 - RegioneToscanaCrawler - INFO - saving file data/atti_presidente/data-result-type_DPG-year_2013-from_200-to_400.json
2018-05-08 17:25:50,574 - RegioneToscanaCrawler - INFO - starting extraction from 400 to 600 for year 2013
2018-05-08 17:25:50,661 - RegioneToscanaCrawler - INFO - processing url http://www.regione.toscana.it/bancadati/search?site=atti&client=fend_json&output=xml_no_dtd&getfields=*&ulang=it&ie=UTF-8&proxystylesheet=fend_json&start=0&num=200&filter=0&rc=1&q=inmeta%3AID_TIPO_PRATICA%3DPG+AND+inmeta%3ADATA_ATTO%3A2013-01-01..2013-12-31+AND+inmeta%3ANUMERO%3A400..600+AND+inmeta%3AALLEGATO_DESCRIZIONE%3Dvoid&sort=meta%3ACODICE_PRATICA%3AA
2018-05-08 17:25:51,162 - RegioneToscanaCrawler - ERROR - no data for url http://www.regione.toscana.it/bancadati/search?site=atti&client=fend_json&output=xml_no_dtd&getfields=*&ulang=it&ie=UTF-8&proxystylesheet=fend_json&start=0&num=200&filter=0&rc=1&q=inmeta%3AID_TIPO_PRATICA%3DPG+AND+inmeta%3ADATA_ATTO%3A2013-01-01..2013-12-31+AND+inmeta%3ANUMERO%3A400..600+AND+inmeta%3AALLEGATO_DESCRIZIONE%3Dvoid&sort=meta%3ACODICE_PRATICA%3AA
2018-05-08 17:25:51,162 - RegioneToscanaCrawler - INFO - extracted 203 records for year 2013
2018-05-08 17:25:51,162 - RegioneToscanaCrawler - INFO - processing year 2014
2018-05-08 17:25:51,163 - RegioneToscanaCrawler - INFO - starting extraction from 0 to 200 for year 2014
2018-05-08 17:25:51,693 - RegioneToscanaCrawler - INFO - processing url http://www.regione.toscana.it/bancadati/search?site=atti&client=fend_json&output=xml_no_dtd&getfields=*&ulang=it&ie=UTF-8&proxystylesheet=fend_json&start=0&num=200&filter=0&rc=1&q=inmeta%3AID_TIPO_PRATICA%3DPG+AND+inmeta%3ADATA_ATTO%3A2014-01-01..2014-12-31+AND+inmeta%3ANUMERO%3A0..200+AND+inmeta%3AALLEGATO_DESCRIZIONE%3Dvoid&sort=meta%3ACODICE_PRATICA%3AA
2018-05-08 17:25:52,196 - RegioneToscanaCrawler - INFO - saving file data/atti_presidente/data-result-type_DPG-year_2014-from_0-to_200.json
2018-05-08 17:25:52,208 - RegioneToscanaCrawler - INFO - starting extraction from 200 to 400 for year 2014
2018-05-08 17:25:52,324 - RegioneToscanaCrawler - INFO - processing url http://www.regione.toscana.it/bancadati/search?site=atti&client=fend_json&output=xml_no_dtd&getfields=*&ulang=it&ie=UTF-8&proxystylesheet=fend_json&start=0&num=200&filter=0&rc=1&q=inmeta%3AID_TIPO_PRATICA%3DPG+AND+inmeta%3ADATA_ATTO%3A2014-01-01..2014-12-31+AND+inmeta%3ANUMERO%3A200..400+AND+inmeta%3AALLEGATO_DESCRIZIONE%3Dvoid&sort=meta%3ACODICE_PRATICA%3AA
2018-05-08 17:25:52,825 - RegioneToscanaCrawler - INFO - saving file data/atti_presidente/data-result-type_DPG-year_2014-from_200-to_400.json
2018-05-08 17:25:52,827 - RegioneToscanaCrawler - INFO - starting extraction from 400 to 600 for year 2014
2018-05-08 17:25:52,931 - RegioneToscanaCrawler - INFO - processing url http://www.regione.toscana.it/bancadati/search?site=atti&client=fend_json&output=xml_no_dtd&getfields=*&ulang=it&ie=UTF-8&proxystylesheet=fend_json&start=0&num=200&filter=0&rc=1&q=inmeta%3AID_TIPO_PRATICA%3DPG+AND+inmeta%3ADATA_ATTO%3A2014-01-01..2014-12-31+AND+inmeta%3ANUMERO%3A400..600+AND+inmeta%3AALLEGATO_DESCRIZIONE%3Dvoid&sort=meta%3ACODICE_PRATICA%3AA
2018-05-08 17:25:53,432 - RegioneToscanaCrawler - ERROR - no data for url http://www.regione.toscana.it/bancadati/search?site=atti&client=fend_json&output=xml_no_dtd&getfields=*&ulang=it&ie=UTF-8&proxystylesheet=fend_json&start=0&num=200&filter=0&rc=1&q=inmeta%3AID_TIPO_PRATICA%3DPG+AND+inmeta%3ADATA_ATTO%3A2014-01-01..2014-12-31+AND+inmeta%3ANUMERO%3A400..600+AND+inmeta%3AALLEGATO_DESCRIZIONE%3Dvoid&sort=meta%3ACODICE_PRATICA%3AA
2018-05-08 17:25:53,432 - RegioneToscanaCrawler - INFO - extracted 217 records for year 2014
2018-05-08 17:25:53,432 - RegioneToscanaCrawler - INFO - processing year 2015
2018-05-08 17:25:53,432 - RegioneToscanaCrawler - INFO - starting extraction from 0 to 200 for year 2015
2018-05-08 17:25:53,965 - RegioneToscanaCrawler - INFO - processing url http://www.regione.toscana.it/bancadati/search?site=atti&client=fend_json&output=xml_no_dtd&getfields=*&ulang=it&ie=UTF-8&proxystylesheet=fend_json&start=0&num=200&filter=0&rc=1&q=inmeta%3AID_TIPO_PRATICA%3DPG+AND+inmeta%3ADATA_ATTO%3A2015-01-01..2015-12-31+AND+inmeta%3ANUMERO%3A0..200+AND+inmeta%3AALLEGATO_DESCRIZIONE%3Dvoid&sort=meta%3ACODICE_PRATICA%3AA
2018-05-08 17:25:54,469 - RegioneToscanaCrawler - INFO - saving file data/atti_presidente/data-result-type_DPG-year_2015-from_0-to_200.json
2018-05-08 17:25:54,481 - RegioneToscanaCrawler - INFO - starting extraction from 200 to 400 for year 2015
2018-05-08 17:25:54,618 - RegioneToscanaCrawler - INFO - processing url http://www.regione.toscana.it/bancadati/search?site=atti&client=fend_json&output=xml_no_dtd&getfields=*&ulang=it&ie=UTF-8&proxystylesheet=fend_json&start=0&num=200&filter=0&rc=1&q=inmeta%3AID_TIPO_PRATICA%3DPG+AND+inmeta%3ADATA_ATTO%3A2015-01-01..2015-12-31+AND+inmeta%3ANUMERO%3A200..400+AND+inmeta%3AALLEGATO_DESCRIZIONE%3Dvoid&sort=meta%3ACODICE_PRATICA%3AA
2018-05-08 17:25:55,119 - RegioneToscanaCrawler - INFO - saving file data/atti_presidente/data-result-type_DPG-year_2015-from_200-to_400.json
2018-05-08 17:25:55,121 - RegioneToscanaCrawler - INFO - starting extraction from 400 to 600 for year 2015
2018-05-08 17:25:55,207 - RegioneToscanaCrawler - INFO - processing url http://www.regione.toscana.it/bancadati/search?site=atti&client=fend_json&output=xml_no_dtd&getfields=*&ulang=it&ie=UTF-8&proxystylesheet=fend_json&start=0&num=200&filter=0&rc=1&q=inmeta%3AID_TIPO_PRATICA%3DPG+AND+inmeta%3ADATA_ATTO%3A2015-01-01..2015-12-31+AND+inmeta%3ANUMERO%3A400..600+AND+inmeta%3AALLEGATO_DESCRIZIONE%3Dvoid&sort=meta%3ACODICE_PRATICA%3AA
2018-05-08 17:25:55,707 - RegioneToscanaCrawler - ERROR - no data for url http://www.regione.toscana.it/bancadati/search?site=atti&client=fend_json&output=xml_no_dtd&getfields=*&ulang=it&ie=UTF-8&proxystylesheet=fend_json&start=0&num=200&filter=0&rc=1&q=inmeta%3AID_TIPO_PRATICA%3DPG+AND+inmeta%3ADATA_ATTO%3A2015-01-01..2015-12-31+AND+inmeta%3ANUMERO%3A400..600+AND+inmeta%3AALLEGATO_DESCRIZIONE%3Dvoid&sort=meta%3ACODICE_PRATICA%3AA
2018-05-08 17:25:55,708 - RegioneToscanaCrawler - INFO - extracted 225 records for year 2015
2018-05-08 17:25:55,708 - RegioneToscanaCrawler - INFO - processing year 2016
2018-05-08 17:25:55,708 - RegioneToscanaCrawler - INFO - starting extraction from 0 to 200 for year 2016
2018-05-08 17:25:56,236 - RegioneToscanaCrawler - INFO - processing url http://www.regione.toscana.it/bancadati/search?site=atti&client=fend_json&output=xml_no_dtd&getfields=*&ulang=it&ie=UTF-8&proxystylesheet=fend_json&start=0&num=200&filter=0&rc=1&q=inmeta%3AID_TIPO_PRATICA%3DPG+AND+inmeta%3ADATA_ATTO%3A2016-01-01..2016-12-31+AND+inmeta%3ANUMERO%3A0..200+AND+inmeta%3AALLEGATO_DESCRIZIONE%3Dvoid&sort=meta%3ACODICE_PRATICA%3AA
2018-05-08 17:25:56,741 - RegioneToscanaCrawler - INFO - saving file data/atti_presidente/data-result-type_DPG-year_2016-from_0-to_200.json
2018-05-08 17:25:56,762 - RegioneToscanaCrawler - INFO - starting extraction from 200 to 400 for year 2016
2018-05-08 17:25:56,855 - RegioneToscanaCrawler - INFO - processing url http://www.regione.toscana.it/bancadati/search?site=atti&client=fend_json&output=xml_no_dtd&getfields=*&ulang=it&ie=UTF-8&proxystylesheet=fend_json&start=0&num=200&filter=0&rc=1&q=inmeta%3AID_TIPO_PRATICA%3DPG+AND+inmeta%3ADATA_ATTO%3A2016-01-01..2016-12-31+AND+inmeta%3ANUMERO%3A200..400+AND+inmeta%3AALLEGATO_DESCRIZIONE%3Dvoid&sort=meta%3ACODICE_PRATICA%3AA
2018-05-08 17:25:57,356 - RegioneToscanaCrawler - ERROR - no data for url http://www.regione.toscana.it/bancadati/search?site=atti&client=fend_json&output=xml_no_dtd&getfields=*&ulang=it&ie=UTF-8&proxystylesheet=fend_json&start=0&num=200&filter=0&rc=1&q=inmeta%3AID_TIPO_PRATICA%3DPG+AND+inmeta%3ADATA_ATTO%3A2016-01-01..2016-12-31+AND+inmeta%3ANUMERO%3A200..400+AND+inmeta%3AALLEGATO_DESCRIZIONE%3Dvoid&sort=meta%3ACODICE_PRATICA%3AA
2018-05-08 17:25:57,356 - RegioneToscanaCrawler - INFO - extracted 200 records for year 2016
2018-05-08 17:25:57,356 - RegioneToscanaCrawler - INFO - processing year 2017
2018-05-08 17:25:57,356 - RegioneToscanaCrawler - INFO - starting extraction from 0 to 200 for year 2017
2018-05-08 17:25:57,993 - RegioneToscanaCrawler - INFO - processing url http://www.regione.toscana.it/bancadati/search?site=atti&client=fend_json&output=xml_no_dtd&getfields=*&ulang=it&ie=UTF-8&proxystylesheet=fend_json&start=0&num=200&filter=0&rc=1&q=inmeta%3AID_TIPO_PRATICA%3DPG+AND+inmeta%3ADATA_ATTO%3A2017-01-01..2017-12-31+AND+inmeta%3ANUMERO%3A0..200+AND+inmeta%3AALLEGATO_DESCRIZIONE%3Dvoid&sort=meta%3ACODICE_PRATICA%3AA
2018-05-08 17:25:58,496 - RegioneToscanaCrawler - INFO - saving file data/atti_presidente/data-result-type_DPG-year_2017-from_0-to_200.json
2018-05-08 17:25:58,508 - RegioneToscanaCrawler - INFO - starting extraction from 200 to 400 for year 2017
2018-05-08 17:25:58,600 - RegioneToscanaCrawler - INFO - processing url http://www.regione.toscana.it/bancadati/search?site=atti&client=fend_json&output=xml_no_dtd&getfields=*&ulang=it&ie=UTF-8&proxystylesheet=fend_json&start=0&num=200&filter=0&rc=1&q=inmeta%3AID_TIPO_PRATICA%3DPG+AND+inmeta%3ADATA_ATTO%3A2017-01-01..2017-12-31+AND+inmeta%3ANUMERO%3A200..400+AND+inmeta%3AALLEGATO_DESCRIZIONE%3Dvoid&sort=meta%3ACODICE_PRATICA%3AA
2018-05-08 17:25:59,101 - RegioneToscanaCrawler - INFO - saving file data/atti_presidente/data-result-type_DPG-year_2017-from_200-to_400.json
2018-05-08 17:25:59,102 - RegioneToscanaCrawler - INFO - starting extraction from 400 to 600 for year 2017
2018-05-08 17:25:59,185 - RegioneToscanaCrawler - INFO - processing url http://www.regione.toscana.it/bancadati/search?site=atti&client=fend_json&output=xml_no_dtd&getfields=*&ulang=it&ie=UTF-8&proxystylesheet=fend_json&start=0&num=200&filter=0&rc=1&q=inmeta%3AID_TIPO_PRATICA%3DPG+AND+inmeta%3ADATA_ATTO%3A2017-01-01..2017-12-31+AND+inmeta%3ANUMERO%3A400..600+AND+inmeta%3AALLEGATO_DESCRIZIONE%3Dvoid&sort=meta%3ACODICE_PRATICA%3AA
2018-05-08 17:25:59,686 - RegioneToscanaCrawler - ERROR - no data for url http://www.regione.toscana.it/bancadati/search?site=atti&client=fend_json&output=xml_no_dtd&getfields=*&ulang=it&ie=UTF-8&proxystylesheet=fend_json&start=0&num=200&filter=0&rc=1&q=inmeta%3AID_TIPO_PRATICA%3DPG+AND+inmeta%3ADATA_ATTO%3A2017-01-01..2017-12-31+AND+inmeta%3ANUMERO%3A400..600+AND+inmeta%3AALLEGATO_DESCRIZIONE%3Dvoid&sort=meta%3ACODICE_PRATICA%3AA
2018-05-08 17:25:59,686 - RegioneToscanaCrawler - INFO - extracted 201 records for year 2017
2018-05-08 17:25:59,686 - RegioneToscanaCrawler - INFO - processing year 2018
2018-05-08 17:25:59,686 - RegioneToscanaCrawler - INFO - starting extraction from 0 to 200 for year 2018
2018-05-08 17:25:59,954 - RegioneToscanaCrawler - INFO - processing url http://www.regione.toscana.it/bancadati/search?site=atti&client=fend_json&output=xml_no_dtd&getfields=*&ulang=it&ie=UTF-8&proxystylesheet=fend_json&start=0&num=200&filter=0&rc=1&q=inmeta%3AID_TIPO_PRATICA%3DPG+AND+inmeta%3ADATA_ATTO%3A2018-01-01..2018-12-31+AND+inmeta%3ANUMERO%3A0..200+AND+inmeta%3AALLEGATO_DESCRIZIONE%3Dvoid&sort=meta%3ACODICE_PRATICA%3AA
2018-05-08 17:26:00,456 - RegioneToscanaCrawler - INFO - saving file data/atti_presidente/data-result-type_DPG-year_2018-from_0-to_200.json
2018-05-08 17:26:00,461 - RegioneToscanaCrawler - INFO - starting extraction from 200 to 400 for year 2018
2018-05-08 17:26:00,540 - RegioneToscanaCrawler - INFO - processing url http://www.regione.toscana.it/bancadati/search?site=atti&client=fend_json&output=xml_no_dtd&getfields=*&ulang=it&ie=UTF-8&proxystylesheet=fend_json&start=0&num=200&filter=0&rc=1&q=inmeta%3AID_TIPO_PRATICA%3DPG+AND+inmeta%3ADATA_ATTO%3A2018-01-01..2018-12-31+AND+inmeta%3ANUMERO%3A200..400+AND+inmeta%3AALLEGATO_DESCRIZIONE%3Dvoid&sort=meta%3ACODICE_PRATICA%3AA
2018-05-08 17:26:01,041 - RegioneToscanaCrawler - ERROR - no data for url http://www.regione.toscana.it/bancadati/search?site=atti&client=fend_json&output=xml_no_dtd&getfields=*&ulang=it&ie=UTF-8&proxystylesheet=fend_json&start=0&num=200&filter=0&rc=1&q=inmeta%3AID_TIPO_PRATICA%3DPG+AND+inmeta%3ADATA_ATTO%3A2018-01-01..2018-12-31+AND+inmeta%3ANUMERO%3A200..400+AND+inmeta%3AALLEGATO_DESCRIZIONE%3Dvoid&sort=meta%3ACODICE_PRATICA%3AA
2018-05-08 17:26:01,041 - RegioneToscanaCrawler - INFO - extracted 83 records for year 2018
