2018-03-04 15:52:52,237 - crawler_application - INFO - start 0, num 100
2018-03-04 15:52:52,237 - crawler_application - DEBUG - sleeping 14 seconds
2018-03-04 15:53:09,254 - crawler_application - INFO - requesting url http://www.regione.toscana.it/bancadati/search?site=atti&client=fend_json&output=xml_no_dtd&getfields=*&ulang=it&ie=UTF-8&proxystylesheet=fend_json&start=0&num=100&filter=0&rc=1&q=inmeta%3AALLEGATO_DESCRIZIONE%3Dvoid&sort=meta%3ACODICE_PRATICA%3AD
2018-03-04 15:53:11,127 - crawler_application - INFO - got status 200 for url http://www.regione.toscana.it/bancadati/search?site=atti&client=fend_json&output=xml_no_dtd&getfields=*&ulang=it&ie=UTF-8&proxystylesheet=fend_json&start=0&num=100&filter=0&rc=1&q=inmeta%3AALLEGATO_DESCRIZIONE%3Dvoid&sort=meta%3ACODICE_PRATICA%3AD
2018-03-04 15:53:11,136 - crawler_application - INFO - saved result in regione-toscana/regione-toscana-result-0-100.json
2018-03-04 15:53:11,137 - crawler_application - INFO - extracted 100 records
2018-03-04 15:53:11,137 - crawler_application - INFO - start 100, num 100
2018-03-04 15:53:11,137 - crawler_application - DEBUG - sleeping 19 seconds
2018-03-04 15:53:27,154 - crawler_application - INFO - requesting url http://www.regione.toscana.it/bancadati/search?site=atti&client=fend_json&output=xml_no_dtd&getfields=*&ulang=it&ie=UTF-8&proxystylesheet=fend_json&start=100&num=100&filter=0&rc=1&q=inmeta%3AALLEGATO_DESCRIZIONE%3Dvoid&sort=meta%3ACODICE_PRATICA%3AD
2018-03-04 15:53:28,406 - crawler_application - INFO - got status 200 for url http://www.regione.toscana.it/bancadati/search?site=atti&client=fend_json&output=xml_no_dtd&getfields=*&ulang=it&ie=UTF-8&proxystylesheet=fend_json&start=100&num=100&filter=0&rc=1&q=inmeta%3AALLEGATO_DESCRIZIONE%3Dvoid&sort=meta%3ACODICE_PRATICA%3AD
2018-03-04 15:53:28,417 - crawler_application - INFO - saved result in regione-toscana/regione-toscana-result-100-200.json
2018-03-04 15:53:28,418 - crawler_application - INFO - extracted 200 records
2018-03-04 15:53:28,418 - crawler_application - INFO - start 200, num 100
2018-03-04 15:53:28,418 - crawler_application - DEBUG - sleeping 21 seconds
2018-03-04 15:53:40,429 - crawler_application - INFO - requesting url http://www.regione.toscana.it/bancadati/search?site=atti&client=fend_json&output=xml_no_dtd&getfields=*&ulang=it&ie=UTF-8&proxystylesheet=fend_json&start=200&num=100&filter=0&rc=1&q=inmeta%3AALLEGATO_DESCRIZIONE%3Dvoid&sort=meta%3ACODICE_PRATICA%3AD
2018-03-04 15:53:41,182 - crawler_application - INFO - got status 200 for url http://www.regione.toscana.it/bancadati/search?site=atti&client=fend_json&output=xml_no_dtd&getfields=*&ulang=it&ie=UTF-8&proxystylesheet=fend_json&start=200&num=100&filter=0&rc=1&q=inmeta%3AALLEGATO_DESCRIZIONE%3Dvoid&sort=meta%3ACODICE_PRATICA%3AD
2018-03-04 15:53:41,190 - crawler_application - INFO - saved result in regione-toscana/regione-toscana-result-200-300.json
2018-03-04 15:53:41,191 - crawler_application - INFO - extracted 300 records
2018-03-04 15:53:41,191 - crawler_application - INFO - start 300, num 100
2018-03-04 15:53:41,192 - crawler_application - DEBUG - sleeping 24 seconds
2018-03-04 15:54:00,211 - crawler_application - INFO - requesting url http://www.regione.toscana.it/bancadati/search?site=atti&client=fend_json&output=xml_no_dtd&getfields=*&ulang=it&ie=UTF-8&proxystylesheet=fend_json&start=300&num=100&filter=0&rc=1&q=inmeta%3AALLEGATO_DESCRIZIONE%3Dvoid&sort=meta%3ACODICE_PRATICA%3AD
2018-03-04 15:54:01,113 - crawler_application - INFO - got status 200 for url http://www.regione.toscana.it/bancadati/search?site=atti&client=fend_json&output=xml_no_dtd&getfields=*&ulang=it&ie=UTF-8&proxystylesheet=fend_json&start=300&num=100&filter=0&rc=1&q=inmeta%3AALLEGATO_DESCRIZIONE%3Dvoid&sort=meta%3ACODICE_PRATICA%3AD
2018-03-04 15:54:01,121 - crawler_application - INFO - saved result in regione-toscana/regione-toscana-result-300-400.json
2018-03-04 15:54:01,122 - crawler_application - INFO - extracted 400 records
2018-03-04 15:54:01,122 - crawler_application - INFO - start 400, num 100
2018-03-04 15:54:01,122 - crawler_application - DEBUG - sleeping 12 seconds
2018-03-04 15:54:20,133 - crawler_application - INFO - requesting url http://www.regione.toscana.it/bancadati/search?site=atti&client=fend_json&output=xml_no_dtd&getfields=*&ulang=it&ie=UTF-8&proxystylesheet=fend_json&start=400&num=100&filter=0&rc=1&q=inmeta%3AALLEGATO_DESCRIZIONE%3Dvoid&sort=meta%3ACODICE_PRATICA%3AD
2018-03-04 15:54:21,049 - crawler_application - INFO - got status 200 for url http://www.regione.toscana.it/bancadati/search?site=atti&client=fend_json&output=xml_no_dtd&getfields=*&ulang=it&ie=UTF-8&proxystylesheet=fend_json&start=400&num=100&filter=0&rc=1&q=inmeta%3AALLEGATO_DESCRIZIONE%3Dvoid&sort=meta%3ACODICE_PRATICA%3AD
2018-03-04 15:54:21,057 - crawler_application - INFO - saved result in regione-toscana/regione-toscana-result-400-500.json
2018-03-04 15:54:21,058 - crawler_application - INFO - extracted 500 records
2018-03-04 15:54:21,058 - crawler_application - INFO - start 500, num 100
2018-03-04 15:54:21,058 - crawler_application - DEBUG - sleeping 18 seconds
2018-03-04 15:54:26,064 - crawler_application - INFO - requesting url http://www.regione.toscana.it/bancadati/search?site=atti&client=fend_json&output=xml_no_dtd&getfields=*&ulang=it&ie=UTF-8&proxystylesheet=fend_json&start=500&num=100&filter=0&rc=1&q=inmeta%3AALLEGATO_DESCRIZIONE%3Dvoid&sort=meta%3ACODICE_PRATICA%3AD
2018-03-04 15:54:27,161 - crawler_application - INFO - got status 200 for url http://www.regione.toscana.it/bancadati/search?site=atti&client=fend_json&output=xml_no_dtd&getfields=*&ulang=it&ie=UTF-8&proxystylesheet=fend_json&start=500&num=100&filter=0&rc=1&q=inmeta%3AALLEGATO_DESCRIZIONE%3Dvoid&sort=meta%3ACODICE_PRATICA%3AD
2018-03-04 15:54:27,170 - crawler_application - INFO - saved result in regione-toscana/regione-toscana-result-500-600.json
2018-03-04 15:54:27,170 - crawler_application - INFO - extracted 600 records
2018-03-04 15:54:27,171 - crawler_application - INFO - start 600, num 100
2018-03-04 15:54:27,171 - crawler_application - DEBUG - sleeping 10 seconds
2018-03-04 15:54:43,185 - crawler_application - INFO - requesting url http://www.regione.toscana.it/bancadati/search?site=atti&client=fend_json&output=xml_no_dtd&getfields=*&ulang=it&ie=UTF-8&proxystylesheet=fend_json&start=600&num=100&filter=0&rc=1&q=inmeta%3AALLEGATO_DESCRIZIONE%3Dvoid&sort=meta%3ACODICE_PRATICA%3AD
2018-03-04 15:54:44,386 - crawler_application - INFO - got status 200 for url http://www.regione.toscana.it/bancadati/search?site=atti&client=fend_json&output=xml_no_dtd&getfields=*&ulang=it&ie=UTF-8&proxystylesheet=fend_json&start=600&num=100&filter=0&rc=1&q=inmeta%3AALLEGATO_DESCRIZIONE%3Dvoid&sort=meta%3ACODICE_PRATICA%3AD
2018-03-04 15:54:44,394 - crawler_application - INFO - saved result in regione-toscana/regione-toscana-result-600-700.json
2018-03-04 15:54:44,394 - crawler_application - INFO - extracted 700 records
2018-03-04 15:54:44,395 - crawler_application - INFO - start 700, num 100
2018-03-04 15:54:44,395 - crawler_application - DEBUG - sleeping 15 seconds
2018-03-04 15:55:01,412 - crawler_application - INFO - requesting url http://www.regione.toscana.it/bancadati/search?site=atti&client=fend_json&output=xml_no_dtd&getfields=*&ulang=it&ie=UTF-8&proxystylesheet=fend_json&start=700&num=100&filter=0&rc=1&q=inmeta%3AALLEGATO_DESCRIZIONE%3Dvoid&sort=meta%3ACODICE_PRATICA%3AD
2018-03-04 15:55:02,453 - crawler_application - INFO - got status 200 for url http://www.regione.toscana.it/bancadati/search?site=atti&client=fend_json&output=xml_no_dtd&getfields=*&ulang=it&ie=UTF-8&proxystylesheet=fend_json&start=700&num=100&filter=0&rc=1&q=inmeta%3AALLEGATO_DESCRIZIONE%3Dvoid&sort=meta%3ACODICE_PRATICA%3AD
2018-03-04 15:55:02,460 - crawler_application - INFO - saved result in regione-toscana/regione-toscana-result-700-800.json
2018-03-04 15:55:02,461 - crawler_application - INFO - extracted 800 records
2018-03-04 15:55:02,461 - crawler_application - INFO - start 800, num 100
2018-03-04 15:55:02,461 - crawler_application - DEBUG - sleeping 14 seconds
2018-03-04 15:55:21,481 - crawler_application - INFO - requesting url http://www.regione.toscana.it/bancadati/search?site=atti&client=fend_json&output=xml_no_dtd&getfields=*&ulang=it&ie=UTF-8&proxystylesheet=fend_json&start=800&num=100&filter=0&rc=1&q=inmeta%3AALLEGATO_DESCRIZIONE%3Dvoid&sort=meta%3ACODICE_PRATICA%3AD
2018-03-04 15:55:22,552 - crawler_application - INFO - got status 200 for url http://www.regione.toscana.it/bancadati/search?site=atti&client=fend_json&output=xml_no_dtd&getfields=*&ulang=it&ie=UTF-8&proxystylesheet=fend_json&start=800&num=100&filter=0&rc=1&q=inmeta%3AALLEGATO_DESCRIZIONE%3Dvoid&sort=meta%3ACODICE_PRATICA%3AD
2018-03-04 15:55:22,560 - crawler_application - INFO - saved result in regione-toscana/regione-toscana-result-800-900.json
2018-03-04 15:55:22,560 - crawler_application - INFO - extracted 900 records
2018-03-04 15:55:22,561 - crawler_application - INFO - start 900, num 100
2018-03-04 15:55:22,561 - crawler_application - DEBUG - sleeping 19 seconds
2018-03-04 15:55:31,570 - crawler_application - INFO - requesting url http://www.regione.toscana.it/bancadati/search?site=atti&client=fend_json&output=xml_no_dtd&getfields=*&ulang=it&ie=UTF-8&proxystylesheet=fend_json&start=900&num=100&filter=0&rc=1&q=inmeta%3AALLEGATO_DESCRIZIONE%3Dvoid&sort=meta%3ACODICE_PRATICA%3AD
2018-03-04 15:55:33,275 - crawler_application - INFO - got status 200 for url http://www.regione.toscana.it/bancadati/search?site=atti&client=fend_json&output=xml_no_dtd&getfields=*&ulang=it&ie=UTF-8&proxystylesheet=fend_json&start=900&num=100&filter=0&rc=1&q=inmeta%3AALLEGATO_DESCRIZIONE%3Dvoid&sort=meta%3ACODICE_PRATICA%3AD
2018-03-04 15:55:33,277 - crawler_application - INFO - saved result in regione-toscana/regione-toscana-result-900-1000.json
2018-03-04 15:55:33,278 - crawler_application - INFO - extracted 1000 records
2018-03-04 15:55:33,278 - crawler_application - INFO - start 1000, num 100
2018-03-04 15:55:33,278 - crawler_application - DEBUG - sleeping 11 seconds
2018-03-04 15:55:48,293 - crawler_application - INFO - requesting url http://www.regione.toscana.it/bancadati/search?site=atti&client=fend_json&output=xml_no_dtd&getfields=*&ulang=it&ie=UTF-8&proxystylesheet=fend_json&start=1000&num=100&filter=0&rc=1&q=inmeta%3AALLEGATO_DESCRIZIONE%3Dvoid&sort=meta%3ACODICE_PRATICA%3AD
2018-03-04 15:55:48,506 - crawler_application - INFO - got status 200 for url http://www.regione.toscana.it/bancadati/search?site=atti&client=fend_json&output=xml_no_dtd&getfields=*&ulang=it&ie=UTF-8&proxystylesheet=fend_json&start=1000&num=100&filter=0&rc=1&q=inmeta%3AALLEGATO_DESCRIZIONE%3Dvoid&sort=meta%3ACODICE_PRATICA%3AD
2018-03-04 15:55:48,506 - crawler_application - ERROR - no results skipped http://www.regione.toscana.it/bancadati/search?site=atti&client=fend_json&output=xml_no_dtd&getfields=*&ulang=it&ie=UTF-8&proxystylesheet=fend_json&start=1000&num=100&filter=0&rc=1&q=inmeta%3AALLEGATO_DESCRIZIONE%3Dvoid&sort=meta%3ACODICE_PRATICA%3AD 
 {'GSP': {'script_report_load': '/click?&q=inmeta%3AALLEGATO_DESCRIZIONE%253Dvoid&ct=load&s=1000&site=atti', 'TM': '0.000701', 'Q': 'inmeta:ALLEGATO_DESCRIZIONE=void', 'PARAM': [{'site': {'value': 'atti', 'original_value': 'atti'}, 'client': {'value': 'fend_json', 'original_value': 'fend_json'}, 'output': {'value': 'xml_no_dtd', 'original_value': 'xml_no_dtd'}, 'getfields': {'value': '*', 'original_value': '*'}, 'ulang': {'value': '', 'original_value': ''}, 'ie': {'value': 'UTF-8', 'original_value': 'UTF-8'}, 'proxystylesheet': {'value': 'fend_json', 'original_value': 'fend_json'}, 'start': {'value': '1000', 'original_value': '1000'}, 'num': {'value': '100', 'original_value': '100'}, 'filter': {'value': '0', 'original_value': '0'}, 'rc': {'value': '1', 'original_value': '1'}, 'q': {'value': 'inmeta:ALLEGATO_DESCRIZIONE=void', 'original_value': 'inmeta:ALLEGATO_DESCRIZIONE%3Dvoid'}, 'sort': {'value': 'meta:CODICE_PRATICA:D', 'original_value': 'meta:CODICE_PRATICA:D'}, 'ip': {'value': '188.217.209.145', 'original_value': '188.217.209.145'}, 'access': {'value': 'p', 'original_value': 'p'}, 'entqr': {'value': '3', 'original_value': '3'}, 'entqrm': {'value': '0', 'original_value': '0'}, 'wc': {'value': '200', 'original_value': '200'}, 'wc_mc': {'value': '1', 'original_value': '1'}, 'oe': {'value': 'UTF-8', 'original_value': 'UTF-8'}, 'ud': {'value': '1', 'original_value': '1'}}]}}
2018-03-04 15:55:48,507 - crawler_application - INFO - extracted 1000 records
2018-03-04 15:57:08,550 - crawler_application - INFO - start 1000, num 100
2018-03-04 15:57:08,550 - crawler_application - DEBUG - sleeping 10 seconds
2018-03-04 15:57:16,558 - crawler_application - INFO - requesting url http://www.regione.toscana.it/bancadati/search?site=atti&client=fend_json&output=xml_no_dtd&getfields=*&ulang=it&ie=UTF-8&proxystylesheet=fend_json&start=1000&num=100&filter=0&rc=1&q=inmeta%3AALLEGATO_DESCRIZIONE%3Dvoid&sort=meta%3ACODICE_PRATICA%3AD
2018-03-04 15:57:16,772 - crawler_application - INFO - got status 200 for url http://www.regione.toscana.it/bancadati/search?site=atti&client=fend_json&output=xml_no_dtd&getfields=*&ulang=it&ie=UTF-8&proxystylesheet=fend_json&start=1000&num=100&filter=0&rc=1&q=inmeta%3AALLEGATO_DESCRIZIONE%3Dvoid&sort=meta%3ACODICE_PRATICA%3AD
2018-03-04 15:57:16,773 - crawler_application - ERROR - no results skipped http://www.regione.toscana.it/bancadati/search?site=atti&client=fend_json&output=xml_no_dtd&getfields=*&ulang=it&ie=UTF-8&proxystylesheet=fend_json&start=1000&num=100&filter=0&rc=1&q=inmeta%3AALLEGATO_DESCRIZIONE%3Dvoid&sort=meta%3ACODICE_PRATICA%3AD 
 {'GSP': {'script_report_load': '/click?&q=inmeta%3AALLEGATO_DESCRIZIONE%253Dvoid&ct=load&s=1000&site=atti', 'TM': '0.000770', 'Q': 'inmeta:ALLEGATO_DESCRIZIONE=void', 'PARAM': [{'site': {'value': 'atti', 'original_value': 'atti'}, 'client': {'value': 'fend_json', 'original_value': 'fend_json'}, 'output': {'value': 'xml_no_dtd', 'original_value': 'xml_no_dtd'}, 'getfields': {'value': '*', 'original_value': '*'}, 'ulang': {'value': '', 'original_value': ''}, 'ie': {'value': 'UTF-8', 'original_value': 'UTF-8'}, 'proxystylesheet': {'value': 'fend_json', 'original_value': 'fend_json'}, 'start': {'value': '1000', 'original_value': '1000'}, 'num': {'value': '100', 'original_value': '100'}, 'filter': {'value': '0', 'original_value': '0'}, 'rc': {'value': '1', 'original_value': '1'}, 'q': {'value': 'inmeta:ALLEGATO_DESCRIZIONE=void', 'original_value': 'inmeta:ALLEGATO_DESCRIZIONE%3Dvoid'}, 'sort': {'value': 'meta:CODICE_PRATICA:D', 'original_value': 'meta:CODICE_PRATICA:D'}, 'ip': {'value': '188.217.209.145', 'original_value': '188.217.209.145'}, 'access': {'value': 'p', 'original_value': 'p'}, 'entqr': {'value': '3', 'original_value': '3'}, 'entqrm': {'value': '0', 'original_value': '0'}, 'wc': {'value': '200', 'original_value': '200'}, 'wc_mc': {'value': '1', 'original_value': '1'}, 'oe': {'value': 'UTF-8', 'original_value': 'UTF-8'}, 'ud': {'value': '1', 'original_value': '1'}}]}}
2018-03-04 15:57:16,773 - crawler_application - INFO - extracted 0 records
2018-03-04 22:00:49,884 - crawler_application - INFO - start 0, num 100
2018-03-04 22:00:49,886 - crawler_application - DEBUG - sleeping 11 seconds
2018-03-04 22:01:01,898 - crawler_application - INFO - requesting url http://www.regione.toscana.it/bancadati/search?site=atti&client=fend_json&output=xml_no_dtd&getfields=*&ulang=it&ie=UTF-8&proxystylesheet=fend_json&start=0&num=100&filter=0&rc=1&q=inmeta%3AID_TIPO_PRATICA%3DAD+AND+inmeta%3AALLEGATO_DESCRIZIONE%3Dvoid&sort=meta%3ACODICE_PRATICA%3AD
2018-03-04 22:01:02,849 - crawler_application - INFO - got status 200 for url http://www.regione.toscana.it/bancadati/search?site=atti&client=fend_json&output=xml_no_dtd&getfields=*&ulang=it&ie=UTF-8&proxystylesheet=fend_json&start=0&num=100&filter=0&rc=1&q=inmeta%3AID_TIPO_PRATICA%3DAD+AND+inmeta%3AALLEGATO_DESCRIZIONE%3Dvoid&sort=meta%3ACODICE_PRATICA%3AD
2018-03-04 22:01:02,859 - crawler_application - INFO - saved result in regione-toscana/regione-toscana-result-atti-giunta-0-100.json
2018-03-04 22:01:02,861 - crawler_application - INFO - extracted 100 records
2018-03-04 22:01:02,863 - crawler_application - INFO - start 100, num 100
2018-03-04 22:01:02,864 - crawler_application - DEBUG - sleeping 19 seconds
2018-03-04 22:01:08,160 - crawler_application - INFO - start 0, num 100
2018-03-04 22:01:08,160 - crawler_application - INFO - start 0, num 100
2018-03-04 22:01:08,161 - crawler_application - DEBUG - sleeping 2 seconds
2018-03-04 22:01:08,161 - crawler_application - DEBUG - sleeping 2 seconds
2018-03-04 22:01:14,168 - crawler_application - INFO - requesting url http://www.regione.toscana.it/bancadati/search?site=atti&client=fend_json&output=xml_no_dtd&getfields=*&ulang=it&ie=UTF-8&proxystylesheet=fend_json&start=0&num=100&filter=0&rc=1&q=inmeta%3AID_TIPO_PRATICA%3DAD+AND+inmeta%3AALLEGATO_DESCRIZIONE%3Dvoid&sort=meta%3ACODICE_PRATICA%3AD
2018-03-04 22:01:14,168 - crawler_application - INFO - requesting url http://www.regione.toscana.it/bancadati/search?site=atti&client=fend_json&output=xml_no_dtd&getfields=*&ulang=it&ie=UTF-8&proxystylesheet=fend_json&start=0&num=100&filter=0&rc=1&q=inmeta%3AID_TIPO_PRATICA%3DAD+AND+inmeta%3AALLEGATO_DESCRIZIONE%3Dvoid&sort=meta%3ACODICE_PRATICA%3AD
2018-03-04 22:01:15,191 - crawler_application - INFO - got status 200 for url http://www.regione.toscana.it/bancadati/search?site=atti&client=fend_json&output=xml_no_dtd&getfields=*&ulang=it&ie=UTF-8&proxystylesheet=fend_json&start=0&num=100&filter=0&rc=1&q=inmeta%3AID_TIPO_PRATICA%3DAD+AND+inmeta%3AALLEGATO_DESCRIZIONE%3Dvoid&sort=meta%3ACODICE_PRATICA%3AD
2018-03-04 22:01:15,191 - crawler_application - INFO - got status 200 for url http://www.regione.toscana.it/bancadati/search?site=atti&client=fend_json&output=xml_no_dtd&getfields=*&ulang=it&ie=UTF-8&proxystylesheet=fend_json&start=0&num=100&filter=0&rc=1&q=inmeta%3AID_TIPO_PRATICA%3DAD+AND+inmeta%3AALLEGATO_DESCRIZIONE%3Dvoid&sort=meta%3ACODICE_PRATICA%3AD
2018-03-04 22:01:15,198 - crawler_application - INFO - saved result in regione-toscana/regione-toscana-result-atti-giunta-0-100.json
2018-03-04 22:01:15,198 - crawler_application - INFO - saved result in regione-toscana/regione-toscana-result-atti-giunta-0-100.json
2018-03-04 22:01:15,199 - crawler_application - INFO - extracted 100 records
2018-03-04 22:01:15,199 - crawler_application - INFO - extracted 100 records
2018-03-04 22:01:15,200 - crawler_application - INFO - start 100, num 100
2018-03-04 22:01:15,200 - crawler_application - INFO - start 100, num 100
2018-03-04 22:01:15,201 - crawler_application - DEBUG - sleeping 3 seconds
2018-03-04 22:01:15,201 - crawler_application - DEBUG - sleeping 3 seconds
2018-03-04 22:01:21,207 - crawler_application - INFO - requesting url http://www.regione.toscana.it/bancadati/search?site=atti&client=fend_json&output=xml_no_dtd&getfields=*&ulang=it&ie=UTF-8&proxystylesheet=fend_json&start=100&num=100&filter=0&rc=1&q=inmeta%3AID_TIPO_PRATICA%3DAD+AND+inmeta%3AALLEGATO_DESCRIZIONE%3Dvoid&sort=meta%3ACODICE_PRATICA%3AD
2018-03-04 22:01:21,207 - crawler_application - INFO - requesting url http://www.regione.toscana.it/bancadati/search?site=atti&client=fend_json&output=xml_no_dtd&getfields=*&ulang=it&ie=UTF-8&proxystylesheet=fend_json&start=100&num=100&filter=0&rc=1&q=inmeta%3AID_TIPO_PRATICA%3DAD+AND+inmeta%3AALLEGATO_DESCRIZIONE%3Dvoid&sort=meta%3ACODICE_PRATICA%3AD
2018-03-04 22:01:22,761 - crawler_application - INFO - got status 200 for url http://www.regione.toscana.it/bancadati/search?site=atti&client=fend_json&output=xml_no_dtd&getfields=*&ulang=it&ie=UTF-8&proxystylesheet=fend_json&start=100&num=100&filter=0&rc=1&q=inmeta%3AID_TIPO_PRATICA%3DAD+AND+inmeta%3AALLEGATO_DESCRIZIONE%3Dvoid&sort=meta%3ACODICE_PRATICA%3AD
2018-03-04 22:01:22,761 - crawler_application - INFO - got status 200 for url http://www.regione.toscana.it/bancadati/search?site=atti&client=fend_json&output=xml_no_dtd&getfields=*&ulang=it&ie=UTF-8&proxystylesheet=fend_json&start=100&num=100&filter=0&rc=1&q=inmeta%3AID_TIPO_PRATICA%3DAD+AND+inmeta%3AALLEGATO_DESCRIZIONE%3Dvoid&sort=meta%3ACODICE_PRATICA%3AD
2018-03-04 22:01:22,770 - crawler_application - INFO - saved result in regione-toscana/regione-toscana-result-atti-giunta-100-200.json
2018-03-04 22:01:22,770 - crawler_application - INFO - saved result in regione-toscana/regione-toscana-result-atti-giunta-100-200.json
2018-03-04 22:01:22,771 - crawler_application - INFO - extracted 200 records
2018-03-04 22:01:22,771 - crawler_application - INFO - extracted 200 records
2018-03-04 22:01:22,772 - crawler_application - INFO - start 200, num 100
2018-03-04 22:01:22,772 - crawler_application - INFO - start 200, num 100
2018-03-04 22:01:22,773 - crawler_application - DEBUG - sleeping 4 seconds
2018-03-04 22:01:22,773 - crawler_application - DEBUG - sleeping 4 seconds
2018-03-04 22:01:41,793 - crawler_application - INFO - requesting url http://www.regione.toscana.it/bancadati/search?site=atti&client=fend_json&output=xml_no_dtd&getfields=*&ulang=it&ie=UTF-8&proxystylesheet=fend_json&start=200&num=100&filter=0&rc=1&q=inmeta%3AID_TIPO_PRATICA%3DAD+AND+inmeta%3AALLEGATO_DESCRIZIONE%3Dvoid&sort=meta%3ACODICE_PRATICA%3AD
2018-03-04 22:01:41,793 - crawler_application - INFO - requesting url http://www.regione.toscana.it/bancadati/search?site=atti&client=fend_json&output=xml_no_dtd&getfields=*&ulang=it&ie=UTF-8&proxystylesheet=fend_json&start=200&num=100&filter=0&rc=1&q=inmeta%3AID_TIPO_PRATICA%3DAD+AND+inmeta%3AALLEGATO_DESCRIZIONE%3Dvoid&sort=meta%3ACODICE_PRATICA%3AD
2018-03-04 22:01:42,658 - crawler_application - INFO - got status 200 for url http://www.regione.toscana.it/bancadati/search?site=atti&client=fend_json&output=xml_no_dtd&getfields=*&ulang=it&ie=UTF-8&proxystylesheet=fend_json&start=200&num=100&filter=0&rc=1&q=inmeta%3AID_TIPO_PRATICA%3DAD+AND+inmeta%3AALLEGATO_DESCRIZIONE%3Dvoid&sort=meta%3ACODICE_PRATICA%3AD
2018-03-04 22:01:42,658 - crawler_application - INFO - got status 200 for url http://www.regione.toscana.it/bancadati/search?site=atti&client=fend_json&output=xml_no_dtd&getfields=*&ulang=it&ie=UTF-8&proxystylesheet=fend_json&start=200&num=100&filter=0&rc=1&q=inmeta%3AID_TIPO_PRATICA%3DAD+AND+inmeta%3AALLEGATO_DESCRIZIONE%3Dvoid&sort=meta%3ACODICE_PRATICA%3AD
2018-03-04 22:01:42,661 - crawler_application - INFO - saved result in regione-toscana/regione-toscana-result-atti-giunta-200-300.json
2018-03-04 22:01:42,661 - crawler_application - INFO - saved result in regione-toscana/regione-toscana-result-atti-giunta-200-300.json
2018-03-04 22:01:42,662 - crawler_application - INFO - extracted 300 records
2018-03-04 22:01:42,662 - crawler_application - INFO - extracted 300 records
2018-03-04 22:01:42,663 - crawler_application - INFO - start 300, num 100
2018-03-04 22:01:42,663 - crawler_application - INFO - start 300, num 100
2018-03-04 22:01:42,664 - crawler_application - DEBUG - sleeping 2 seconds
2018-03-04 22:01:42,664 - crawler_application - DEBUG - sleeping 2 seconds
2018-03-04 22:01:55,678 - crawler_application - INFO - requesting url http://www.regione.toscana.it/bancadati/search?site=atti&client=fend_json&output=xml_no_dtd&getfields=*&ulang=it&ie=UTF-8&proxystylesheet=fend_json&start=300&num=100&filter=0&rc=1&q=inmeta%3AID_TIPO_PRATICA%3DAD+AND+inmeta%3AALLEGATO_DESCRIZIONE%3Dvoid&sort=meta%3ACODICE_PRATICA%3AD
2018-03-04 22:01:55,678 - crawler_application - INFO - requesting url http://www.regione.toscana.it/bancadati/search?site=atti&client=fend_json&output=xml_no_dtd&getfields=*&ulang=it&ie=UTF-8&proxystylesheet=fend_json&start=300&num=100&filter=0&rc=1&q=inmeta%3AID_TIPO_PRATICA%3DAD+AND+inmeta%3AALLEGATO_DESCRIZIONE%3Dvoid&sort=meta%3ACODICE_PRATICA%3AD
2018-03-04 22:01:57,068 - crawler_application - INFO - got status 200 for url http://www.regione.toscana.it/bancadati/search?site=atti&client=fend_json&output=xml_no_dtd&getfields=*&ulang=it&ie=UTF-8&proxystylesheet=fend_json&start=300&num=100&filter=0&rc=1&q=inmeta%3AID_TIPO_PRATICA%3DAD+AND+inmeta%3AALLEGATO_DESCRIZIONE%3Dvoid&sort=meta%3ACODICE_PRATICA%3AD
2018-03-04 22:01:57,068 - crawler_application - INFO - got status 200 for url http://www.regione.toscana.it/bancadati/search?site=atti&client=fend_json&output=xml_no_dtd&getfields=*&ulang=it&ie=UTF-8&proxystylesheet=fend_json&start=300&num=100&filter=0&rc=1&q=inmeta%3AID_TIPO_PRATICA%3DAD+AND+inmeta%3AALLEGATO_DESCRIZIONE%3Dvoid&sort=meta%3ACODICE_PRATICA%3AD
2018-03-04 22:01:57,080 - crawler_application - INFO - saved result in regione-toscana/regione-toscana-result-atti-giunta-300-400.json
2018-03-04 22:01:57,080 - crawler_application - INFO - saved result in regione-toscana/regione-toscana-result-atti-giunta-300-400.json
2018-03-04 22:01:57,084 - crawler_application - INFO - extracted 400 records
2018-03-04 22:01:57,084 - crawler_application - INFO - extracted 400 records
2018-03-04 22:01:57,088 - crawler_application - INFO - start 400, num 100
2018-03-04 22:01:57,088 - crawler_application - INFO - start 400, num 100
2018-03-04 22:01:57,094 - crawler_application - DEBUG - sleeping 2 seconds
2018-03-04 22:01:57,094 - crawler_application - DEBUG - sleeping 2 seconds
2018-03-04 22:02:03,105 - crawler_application - INFO - requesting url http://www.regione.toscana.it/bancadati/search?site=atti&client=fend_json&output=xml_no_dtd&getfields=*&ulang=it&ie=UTF-8&proxystylesheet=fend_json&start=400&num=100&filter=0&rc=1&q=inmeta%3AID_TIPO_PRATICA%3DAD+AND+inmeta%3AALLEGATO_DESCRIZIONE%3Dvoid&sort=meta%3ACODICE_PRATICA%3AD
2018-03-04 22:02:03,105 - crawler_application - INFO - requesting url http://www.regione.toscana.it/bancadati/search?site=atti&client=fend_json&output=xml_no_dtd&getfields=*&ulang=it&ie=UTF-8&proxystylesheet=fend_json&start=400&num=100&filter=0&rc=1&q=inmeta%3AID_TIPO_PRATICA%3DAD+AND+inmeta%3AALLEGATO_DESCRIZIONE%3Dvoid&sort=meta%3ACODICE_PRATICA%3AD
2018-03-04 22:02:03,964 - crawler_application - INFO - got status 200 for url http://www.regione.toscana.it/bancadati/search?site=atti&client=fend_json&output=xml_no_dtd&getfields=*&ulang=it&ie=UTF-8&proxystylesheet=fend_json&start=400&num=100&filter=0&rc=1&q=inmeta%3AID_TIPO_PRATICA%3DAD+AND+inmeta%3AALLEGATO_DESCRIZIONE%3Dvoid&sort=meta%3ACODICE_PRATICA%3AD
2018-03-04 22:02:03,964 - crawler_application - INFO - got status 200 for url http://www.regione.toscana.it/bancadati/search?site=atti&client=fend_json&output=xml_no_dtd&getfields=*&ulang=it&ie=UTF-8&proxystylesheet=fend_json&start=400&num=100&filter=0&rc=1&q=inmeta%3AID_TIPO_PRATICA%3DAD+AND+inmeta%3AALLEGATO_DESCRIZIONE%3Dvoid&sort=meta%3ACODICE_PRATICA%3AD
2018-03-04 22:02:03,968 - crawler_application - INFO - saved result in regione-toscana/regione-toscana-result-atti-giunta-400-500.json
2018-03-04 22:02:03,968 - crawler_application - INFO - saved result in regione-toscana/regione-toscana-result-atti-giunta-400-500.json
2018-03-04 22:02:03,969 - crawler_application - INFO - extracted 500 records
2018-03-04 22:02:03,969 - crawler_application - INFO - extracted 500 records
2018-03-04 22:02:03,971 - crawler_application - INFO - start 500, num 100
2018-03-04 22:02:03,971 - crawler_application - INFO - start 500, num 100
2018-03-04 22:02:03,972 - crawler_application - DEBUG - sleeping 4 seconds
2018-03-04 22:02:03,972 - crawler_application - DEBUG - sleeping 4 seconds
2018-03-04 22:02:08,978 - crawler_application - INFO - requesting url http://www.regione.toscana.it/bancadati/search?site=atti&client=fend_json&output=xml_no_dtd&getfields=*&ulang=it&ie=UTF-8&proxystylesheet=fend_json&start=500&num=100&filter=0&rc=1&q=inmeta%3AID_TIPO_PRATICA%3DAD+AND+inmeta%3AALLEGATO_DESCRIZIONE%3Dvoid&sort=meta%3ACODICE_PRATICA%3AD
2018-03-04 22:02:08,978 - crawler_application - INFO - requesting url http://www.regione.toscana.it/bancadati/search?site=atti&client=fend_json&output=xml_no_dtd&getfields=*&ulang=it&ie=UTF-8&proxystylesheet=fend_json&start=500&num=100&filter=0&rc=1&q=inmeta%3AID_TIPO_PRATICA%3DAD+AND+inmeta%3AALLEGATO_DESCRIZIONE%3Dvoid&sort=meta%3ACODICE_PRATICA%3AD
2018-03-04 22:02:09,794 - crawler_application - INFO - got status 200 for url http://www.regione.toscana.it/bancadati/search?site=atti&client=fend_json&output=xml_no_dtd&getfields=*&ulang=it&ie=UTF-8&proxystylesheet=fend_json&start=500&num=100&filter=0&rc=1&q=inmeta%3AID_TIPO_PRATICA%3DAD+AND+inmeta%3AALLEGATO_DESCRIZIONE%3Dvoid&sort=meta%3ACODICE_PRATICA%3AD
2018-03-04 22:02:09,794 - crawler_application - INFO - got status 200 for url http://www.regione.toscana.it/bancadati/search?site=atti&client=fend_json&output=xml_no_dtd&getfields=*&ulang=it&ie=UTF-8&proxystylesheet=fend_json&start=500&num=100&filter=0&rc=1&q=inmeta%3AID_TIPO_PRATICA%3DAD+AND+inmeta%3AALLEGATO_DESCRIZIONE%3Dvoid&sort=meta%3ACODICE_PRATICA%3AD
2018-03-04 22:02:09,804 - crawler_application - INFO - saved result in regione-toscana/regione-toscana-result-atti-giunta-500-600.json
2018-03-04 22:02:09,804 - crawler_application - INFO - saved result in regione-toscana/regione-toscana-result-atti-giunta-500-600.json
2018-03-04 22:02:09,806 - crawler_application - INFO - extracted 600 records
2018-03-04 22:02:09,806 - crawler_application - INFO - extracted 600 records
2018-03-04 22:02:09,806 - crawler_application - INFO - start 600, num 100
2018-03-04 22:02:09,806 - crawler_application - INFO - start 600, num 100
2018-03-04 22:02:09,807 - crawler_application - DEBUG - sleeping 3 seconds
2018-03-04 22:02:09,807 - crawler_application - DEBUG - sleeping 3 seconds
2018-03-04 22:02:14,813 - crawler_application - INFO - requesting url http://www.regione.toscana.it/bancadati/search?site=atti&client=fend_json&output=xml_no_dtd&getfields=*&ulang=it&ie=UTF-8&proxystylesheet=fend_json&start=600&num=100&filter=0&rc=1&q=inmeta%3AID_TIPO_PRATICA%3DAD+AND+inmeta%3AALLEGATO_DESCRIZIONE%3Dvoid&sort=meta%3ACODICE_PRATICA%3AD
2018-03-04 22:02:14,813 - crawler_application - INFO - requesting url http://www.regione.toscana.it/bancadati/search?site=atti&client=fend_json&output=xml_no_dtd&getfields=*&ulang=it&ie=UTF-8&proxystylesheet=fend_json&start=600&num=100&filter=0&rc=1&q=inmeta%3AID_TIPO_PRATICA%3DAD+AND+inmeta%3AALLEGATO_DESCRIZIONE%3Dvoid&sort=meta%3ACODICE_PRATICA%3AD
2018-03-04 22:02:15,605 - crawler_application - INFO - got status 200 for url http://www.regione.toscana.it/bancadati/search?site=atti&client=fend_json&output=xml_no_dtd&getfields=*&ulang=it&ie=UTF-8&proxystylesheet=fend_json&start=600&num=100&filter=0&rc=1&q=inmeta%3AID_TIPO_PRATICA%3DAD+AND+inmeta%3AALLEGATO_DESCRIZIONE%3Dvoid&sort=meta%3ACODICE_PRATICA%3AD
2018-03-04 22:02:15,605 - crawler_application - INFO - got status 200 for url http://www.regione.toscana.it/bancadati/search?site=atti&client=fend_json&output=xml_no_dtd&getfields=*&ulang=it&ie=UTF-8&proxystylesheet=fend_json&start=600&num=100&filter=0&rc=1&q=inmeta%3AID_TIPO_PRATICA%3DAD+AND+inmeta%3AALLEGATO_DESCRIZIONE%3Dvoid&sort=meta%3ACODICE_PRATICA%3AD
2018-03-04 22:02:15,615 - crawler_application - INFO - saved result in regione-toscana/regione-toscana-result-atti-giunta-600-700.json
2018-03-04 22:02:15,615 - crawler_application - INFO - saved result in regione-toscana/regione-toscana-result-atti-giunta-600-700.json
2018-03-04 22:02:15,619 - crawler_application - INFO - extracted 700 records
2018-03-04 22:02:15,619 - crawler_application - INFO - extracted 700 records
2018-03-04 22:02:15,621 - crawler_application - INFO - start 700, num 100
2018-03-04 22:02:15,621 - crawler_application - INFO - start 700, num 100
2018-03-04 22:02:15,623 - crawler_application - DEBUG - sleeping 3 seconds
2018-03-04 22:02:15,623 - crawler_application - DEBUG - sleeping 3 seconds
2018-03-04 22:02:27,637 - crawler_application - INFO - requesting url http://www.regione.toscana.it/bancadati/search?site=atti&client=fend_json&output=xml_no_dtd&getfields=*&ulang=it&ie=UTF-8&proxystylesheet=fend_json&start=700&num=100&filter=0&rc=1&q=inmeta%3AID_TIPO_PRATICA%3DAD+AND+inmeta%3AALLEGATO_DESCRIZIONE%3Dvoid&sort=meta%3ACODICE_PRATICA%3AD
2018-03-04 22:02:27,637 - crawler_application - INFO - requesting url http://www.regione.toscana.it/bancadati/search?site=atti&client=fend_json&output=xml_no_dtd&getfields=*&ulang=it&ie=UTF-8&proxystylesheet=fend_json&start=700&num=100&filter=0&rc=1&q=inmeta%3AID_TIPO_PRATICA%3DAD+AND+inmeta%3AALLEGATO_DESCRIZIONE%3Dvoid&sort=meta%3ACODICE_PRATICA%3AD
2018-03-04 22:02:28,846 - crawler_application - INFO - got status 200 for url http://www.regione.toscana.it/bancadati/search?site=atti&client=fend_json&output=xml_no_dtd&getfields=*&ulang=it&ie=UTF-8&proxystylesheet=fend_json&start=700&num=100&filter=0&rc=1&q=inmeta%3AID_TIPO_PRATICA%3DAD+AND+inmeta%3AALLEGATO_DESCRIZIONE%3Dvoid&sort=meta%3ACODICE_PRATICA%3AD
2018-03-04 22:02:28,846 - crawler_application - INFO - got status 200 for url http://www.regione.toscana.it/bancadati/search?site=atti&client=fend_json&output=xml_no_dtd&getfields=*&ulang=it&ie=UTF-8&proxystylesheet=fend_json&start=700&num=100&filter=0&rc=1&q=inmeta%3AID_TIPO_PRATICA%3DAD+AND+inmeta%3AALLEGATO_DESCRIZIONE%3Dvoid&sort=meta%3ACODICE_PRATICA%3AD
2018-03-04 22:02:28,850 - crawler_application - INFO - saved result in regione-toscana/regione-toscana-result-atti-giunta-700-800.json
2018-03-04 22:02:28,850 - crawler_application - INFO - saved result in regione-toscana/regione-toscana-result-atti-giunta-700-800.json
2018-03-04 22:02:28,852 - crawler_application - INFO - extracted 800 records
2018-03-04 22:02:28,852 - crawler_application - INFO - extracted 800 records
2018-03-04 22:02:28,854 - crawler_application - INFO - start 800, num 100
2018-03-04 22:02:28,854 - crawler_application - INFO - start 800, num 100
2018-03-04 22:02:28,855 - crawler_application - DEBUG - sleeping 3 seconds
2018-03-04 22:02:28,855 - crawler_application - DEBUG - sleeping 3 seconds
2018-03-04 22:02:40,868 - crawler_application - INFO - requesting url http://www.regione.toscana.it/bancadati/search?site=atti&client=fend_json&output=xml_no_dtd&getfields=*&ulang=it&ie=UTF-8&proxystylesheet=fend_json&start=800&num=100&filter=0&rc=1&q=inmeta%3AID_TIPO_PRATICA%3DAD+AND+inmeta%3AALLEGATO_DESCRIZIONE%3Dvoid&sort=meta%3ACODICE_PRATICA%3AD
2018-03-04 22:02:40,868 - crawler_application - INFO - requesting url http://www.regione.toscana.it/bancadati/search?site=atti&client=fend_json&output=xml_no_dtd&getfields=*&ulang=it&ie=UTF-8&proxystylesheet=fend_json&start=800&num=100&filter=0&rc=1&q=inmeta%3AID_TIPO_PRATICA%3DAD+AND+inmeta%3AALLEGATO_DESCRIZIONE%3Dvoid&sort=meta%3ACODICE_PRATICA%3AD
2018-03-04 22:02:41,818 - crawler_application - INFO - got status 200 for url http://www.regione.toscana.it/bancadati/search?site=atti&client=fend_json&output=xml_no_dtd&getfields=*&ulang=it&ie=UTF-8&proxystylesheet=fend_json&start=800&num=100&filter=0&rc=1&q=inmeta%3AID_TIPO_PRATICA%3DAD+AND+inmeta%3AALLEGATO_DESCRIZIONE%3Dvoid&sort=meta%3ACODICE_PRATICA%3AD
2018-03-04 22:02:41,818 - crawler_application - INFO - got status 200 for url http://www.regione.toscana.it/bancadati/search?site=atti&client=fend_json&output=xml_no_dtd&getfields=*&ulang=it&ie=UTF-8&proxystylesheet=fend_json&start=800&num=100&filter=0&rc=1&q=inmeta%3AID_TIPO_PRATICA%3DAD+AND+inmeta%3AALLEGATO_DESCRIZIONE%3Dvoid&sort=meta%3ACODICE_PRATICA%3AD
2018-03-04 22:02:41,825 - crawler_application - INFO - saved result in regione-toscana/regione-toscana-result-atti-giunta-800-900.json
2018-03-04 22:02:41,825 - crawler_application - INFO - saved result in regione-toscana/regione-toscana-result-atti-giunta-800-900.json
2018-03-04 22:02:41,827 - crawler_application - INFO - extracted 900 records
2018-03-04 22:02:41,827 - crawler_application - INFO - extracted 900 records
2018-03-04 22:02:41,827 - crawler_application - INFO - start 900, num 100
2018-03-04 22:02:41,827 - crawler_application - INFO - start 900, num 100
2018-03-04 22:02:41,828 - crawler_application - DEBUG - sleeping 3 seconds
2018-03-04 22:02:41,828 - crawler_application - DEBUG - sleeping 3 seconds
2018-03-04 22:02:53,834 - crawler_application - INFO - requesting url http://www.regione.toscana.it/bancadati/search?site=atti&client=fend_json&output=xml_no_dtd&getfields=*&ulang=it&ie=UTF-8&proxystylesheet=fend_json&start=900&num=100&filter=0&rc=1&q=inmeta%3AID_TIPO_PRATICA%3DAD+AND+inmeta%3AALLEGATO_DESCRIZIONE%3Dvoid&sort=meta%3ACODICE_PRATICA%3AD
2018-03-04 22:02:53,834 - crawler_application - INFO - requesting url http://www.regione.toscana.it/bancadati/search?site=atti&client=fend_json&output=xml_no_dtd&getfields=*&ulang=it&ie=UTF-8&proxystylesheet=fend_json&start=900&num=100&filter=0&rc=1&q=inmeta%3AID_TIPO_PRATICA%3DAD+AND+inmeta%3AALLEGATO_DESCRIZIONE%3Dvoid&sort=meta%3ACODICE_PRATICA%3AD
2018-03-04 22:02:55,022 - crawler_application - INFO - got status 200 for url http://www.regione.toscana.it/bancadati/search?site=atti&client=fend_json&output=xml_no_dtd&getfields=*&ulang=it&ie=UTF-8&proxystylesheet=fend_json&start=900&num=100&filter=0&rc=1&q=inmeta%3AID_TIPO_PRATICA%3DAD+AND+inmeta%3AALLEGATO_DESCRIZIONE%3Dvoid&sort=meta%3ACODICE_PRATICA%3AD
2018-03-04 22:02:55,022 - crawler_application - INFO - got status 200 for url http://www.regione.toscana.it/bancadati/search?site=atti&client=fend_json&output=xml_no_dtd&getfields=*&ulang=it&ie=UTF-8&proxystylesheet=fend_json&start=900&num=100&filter=0&rc=1&q=inmeta%3AID_TIPO_PRATICA%3DAD+AND+inmeta%3AALLEGATO_DESCRIZIONE%3Dvoid&sort=meta%3ACODICE_PRATICA%3AD
2018-03-04 22:02:55,031 - crawler_application - INFO - saved result in regione-toscana/regione-toscana-result-atti-giunta-900-1000.json
2018-03-04 22:02:55,031 - crawler_application - INFO - saved result in regione-toscana/regione-toscana-result-atti-giunta-900-1000.json
2018-03-04 22:02:55,032 - crawler_application - INFO - extracted 1000 records
2018-03-04 22:02:55,032 - crawler_application - INFO - extracted 1000 records
2018-03-04 22:02:55,033 - crawler_application - INFO - start 1000, num 100
2018-03-04 22:02:55,033 - crawler_application - INFO - start 1000, num 100
2018-03-04 22:02:55,033 - crawler_application - DEBUG - sleeping 5 seconds
2018-03-04 22:02:55,033 - crawler_application - DEBUG - sleeping 5 seconds
2018-03-04 22:03:03,042 - crawler_application - INFO - requesting url http://www.regione.toscana.it/bancadati/search?site=atti&client=fend_json&output=xml_no_dtd&getfields=*&ulang=it&ie=UTF-8&proxystylesheet=fend_json&start=1000&num=100&filter=0&rc=1&q=inmeta%3AID_TIPO_PRATICA%3DAD+AND+inmeta%3AALLEGATO_DESCRIZIONE%3Dvoid&sort=meta%3ACODICE_PRATICA%3AD
2018-03-04 22:03:03,042 - crawler_application - INFO - requesting url http://www.regione.toscana.it/bancadati/search?site=atti&client=fend_json&output=xml_no_dtd&getfields=*&ulang=it&ie=UTF-8&proxystylesheet=fend_json&start=1000&num=100&filter=0&rc=1&q=inmeta%3AID_TIPO_PRATICA%3DAD+AND+inmeta%3AALLEGATO_DESCRIZIONE%3Dvoid&sort=meta%3ACODICE_PRATICA%3AD
2018-03-04 22:03:03,255 - crawler_application - INFO - got status 200 for url http://www.regione.toscana.it/bancadati/search?site=atti&client=fend_json&output=xml_no_dtd&getfields=*&ulang=it&ie=UTF-8&proxystylesheet=fend_json&start=1000&num=100&filter=0&rc=1&q=inmeta%3AID_TIPO_PRATICA%3DAD+AND+inmeta%3AALLEGATO_DESCRIZIONE%3Dvoid&sort=meta%3ACODICE_PRATICA%3AD
2018-03-04 22:03:03,255 - crawler_application - INFO - got status 200 for url http://www.regione.toscana.it/bancadati/search?site=atti&client=fend_json&output=xml_no_dtd&getfields=*&ulang=it&ie=UTF-8&proxystylesheet=fend_json&start=1000&num=100&filter=0&rc=1&q=inmeta%3AID_TIPO_PRATICA%3DAD+AND+inmeta%3AALLEGATO_DESCRIZIONE%3Dvoid&sort=meta%3ACODICE_PRATICA%3AD
2018-03-04 22:03:03,256 - crawler_application - ERROR - no results skipped http://www.regione.toscana.it/bancadati/search?site=atti&client=fend_json&output=xml_no_dtd&getfields=*&ulang=it&ie=UTF-8&proxystylesheet=fend_json&start=1000&num=100&filter=0&rc=1&q=inmeta%3AID_TIPO_PRATICA%3DAD+AND+inmeta%3AALLEGATO_DESCRIZIONE%3Dvoid&sort=meta%3ACODICE_PRATICA%3AD 
 {'GSP': {'script_report_load': '/click?&q=inmeta%3AID_TIPO_PRATICA%253DAD%2BAND%2Binmeta%3AALLEGATO_DESCRIZIONE%253Dvoid&ct=load&s=1000&site=atti', 'TM': '0.000757', 'Q': 'inmeta:ID_TIPO_PRATICA=AD AND inmeta:ALLEGATO_DESCRIZIONE=void', 'PARAM': [{'site': {'value': 'atti', 'original_value': 'atti'}, 'client': {'value': 'fend_json', 'original_value': 'fend_json'}, 'output': {'value': 'xml_no_dtd', 'original_value': 'xml_no_dtd'}, 'getfields': {'value': '*', 'original_value': '*'}, 'ulang': {'value': '', 'original_value': ''}, 'ie': {'value': 'UTF-8', 'original_value': 'UTF-8'}, 'proxystylesheet': {'value': 'fend_json', 'original_value': 'fend_json'}, 'start': {'value': '1000', 'original_value': '1000'}, 'num': {'value': '100', 'original_value': '100'}, 'filter': {'value': '0', 'original_value': '0'}, 'rc': {'value': '1', 'original_value': '1'}, 'q': {'value': 'inmeta:ID_TIPO_PRATICA=AD AND inmeta:ALLEGATO_DESCRIZIONE=void', 'original_value': 'inmeta:ID_TIPO_PRATICA%3DAD+AND+inmeta:ALLEGATO_DESCRIZIONE%3Dvoid'}, 'sort': {'value': 'meta:CODICE_PRATICA:D', 'original_value': 'meta:CODICE_PRATICA:D'}, 'ip': {'value': '188.217.209.145', 'original_value': '188.217.209.145'}, 'access': {'value': 'p', 'original_value': 'p'}, 'entqr': {'value': '3', 'original_value': '3'}, 'entqrm': {'value': '0', 'original_value': '0'}, 'wc': {'value': '200', 'original_value': '200'}, 'wc_mc': {'value': '1', 'original_value': '1'}, 'oe': {'value': 'UTF-8', 'original_value': 'UTF-8'}, 'ud': {'value': '1', 'original_value': '1'}}]}}
2018-03-04 22:03:03,256 - crawler_application - ERROR - no results skipped http://www.regione.toscana.it/bancadati/search?site=atti&client=fend_json&output=xml_no_dtd&getfields=*&ulang=it&ie=UTF-8&proxystylesheet=fend_json&start=1000&num=100&filter=0&rc=1&q=inmeta%3AID_TIPO_PRATICA%3DAD+AND+inmeta%3AALLEGATO_DESCRIZIONE%3Dvoid&sort=meta%3ACODICE_PRATICA%3AD 
 {'GSP': {'script_report_load': '/click?&q=inmeta%3AID_TIPO_PRATICA%253DAD%2BAND%2Binmeta%3AALLEGATO_DESCRIZIONE%253Dvoid&ct=load&s=1000&site=atti', 'TM': '0.000757', 'Q': 'inmeta:ID_TIPO_PRATICA=AD AND inmeta:ALLEGATO_DESCRIZIONE=void', 'PARAM': [{'site': {'value': 'atti', 'original_value': 'atti'}, 'client': {'value': 'fend_json', 'original_value': 'fend_json'}, 'output': {'value': 'xml_no_dtd', 'original_value': 'xml_no_dtd'}, 'getfields': {'value': '*', 'original_value': '*'}, 'ulang': {'value': '', 'original_value': ''}, 'ie': {'value': 'UTF-8', 'original_value': 'UTF-8'}, 'proxystylesheet': {'value': 'fend_json', 'original_value': 'fend_json'}, 'start': {'value': '1000', 'original_value': '1000'}, 'num': {'value': '100', 'original_value': '100'}, 'filter': {'value': '0', 'original_value': '0'}, 'rc': {'value': '1', 'original_value': '1'}, 'q': {'value': 'inmeta:ID_TIPO_PRATICA=AD AND inmeta:ALLEGATO_DESCRIZIONE=void', 'original_value': 'inmeta:ID_TIPO_PRATICA%3DAD+AND+inmeta:ALLEGATO_DESCRIZIONE%3Dvoid'}, 'sort': {'value': 'meta:CODICE_PRATICA:D', 'original_value': 'meta:CODICE_PRATICA:D'}, 'ip': {'value': '188.217.209.145', 'original_value': '188.217.209.145'}, 'access': {'value': 'p', 'original_value': 'p'}, 'entqr': {'value': '3', 'original_value': '3'}, 'entqrm': {'value': '0', 'original_value': '0'}, 'wc': {'value': '200', 'original_value': '200'}, 'wc_mc': {'value': '1', 'original_value': '1'}, 'oe': {'value': 'UTF-8', 'original_value': 'UTF-8'}, 'ud': {'value': '1', 'original_value': '1'}}]}}
2018-03-04 22:03:03,257 - crawler_application - INFO - extracted 1000 records
2018-03-04 22:03:03,257 - crawler_application - INFO - extracted 1000 records
2018-03-04 22:04:37,654 - crawler_application - INFO - start 0, num 100
2018-03-04 22:04:37,654 - crawler_application - INFO - start 0, num 100
2018-03-04 22:04:37,656 - crawler_application - DEBUG - sleeping 2 seconds
2018-03-04 22:04:37,656 - crawler_application - DEBUG - sleeping 2 seconds
2018-03-04 22:04:45,665 - crawler_application - INFO - requesting url http://www.regione.toscana.it/bancadati/search?site=atti&client=fend_json&output=xml_no_dtd&getfields=*&ulang=it&ie=UTF-8&proxystylesheet=fend_json&start=0&num=100&filter=0&rc=1&q=inmeta%3AID_TIPO_PRATICA%3DPG+AND+inmeta%3AALLEGATO_DESCRIZIONE%3Dvoid&sort=meta%3ACODICE_PRATICA%3AD
2018-03-04 22:04:45,665 - crawler_application - INFO - requesting url http://www.regione.toscana.it/bancadati/search?site=atti&client=fend_json&output=xml_no_dtd&getfields=*&ulang=it&ie=UTF-8&proxystylesheet=fend_json&start=0&num=100&filter=0&rc=1&q=inmeta%3AID_TIPO_PRATICA%3DPG+AND+inmeta%3AALLEGATO_DESCRIZIONE%3Dvoid&sort=meta%3ACODICE_PRATICA%3AD
2018-03-04 22:04:46,401 - crawler_application - INFO - got status 200 for url http://www.regione.toscana.it/bancadati/search?site=atti&client=fend_json&output=xml_no_dtd&getfields=*&ulang=it&ie=UTF-8&proxystylesheet=fend_json&start=0&num=100&filter=0&rc=1&q=inmeta%3AID_TIPO_PRATICA%3DPG+AND+inmeta%3AALLEGATO_DESCRIZIONE%3Dvoid&sort=meta%3ACODICE_PRATICA%3AD
2018-03-04 22:04:46,401 - crawler_application - INFO - got status 200 for url http://www.regione.toscana.it/bancadati/search?site=atti&client=fend_json&output=xml_no_dtd&getfields=*&ulang=it&ie=UTF-8&proxystylesheet=fend_json&start=0&num=100&filter=0&rc=1&q=inmeta%3AID_TIPO_PRATICA%3DPG+AND+inmeta%3AALLEGATO_DESCRIZIONE%3Dvoid&sort=meta%3ACODICE_PRATICA%3AD
2018-03-04 22:04:46,413 - crawler_application - INFO - saved result in regione-toscana/regione-toscana-result-atti-presidente-0-100.json
2018-03-04 22:04:46,413 - crawler_application - INFO - saved result in regione-toscana/regione-toscana-result-atti-presidente-0-100.json
2018-03-04 22:04:46,417 - crawler_application - INFO - extracted 100 records
2018-03-04 22:04:46,417 - crawler_application - INFO - extracted 100 records
2018-03-04 22:04:46,420 - crawler_application - INFO - start 100, num 100
2018-03-04 22:04:46,420 - crawler_application - INFO - start 100, num 100
2018-03-04 22:04:46,423 - crawler_application - DEBUG - sleeping 4 seconds
2018-03-04 22:04:46,423 - crawler_application - DEBUG - sleeping 4 seconds
2018-03-04 22:05:01,428 - crawler_application - INFO - requesting url http://www.regione.toscana.it/bancadati/search?site=atti&client=fend_json&output=xml_no_dtd&getfields=*&ulang=it&ie=UTF-8&proxystylesheet=fend_json&start=100&num=100&filter=0&rc=1&q=inmeta%3AID_TIPO_PRATICA%3DPG+AND+inmeta%3AALLEGATO_DESCRIZIONE%3Dvoid&sort=meta%3ACODICE_PRATICA%3AD
2018-03-04 22:05:01,428 - crawler_application - INFO - requesting url http://www.regione.toscana.it/bancadati/search?site=atti&client=fend_json&output=xml_no_dtd&getfields=*&ulang=it&ie=UTF-8&proxystylesheet=fend_json&start=100&num=100&filter=0&rc=1&q=inmeta%3AID_TIPO_PRATICA%3DPG+AND+inmeta%3AALLEGATO_DESCRIZIONE%3Dvoid&sort=meta%3ACODICE_PRATICA%3AD
2018-03-04 22:05:02,177 - crawler_application - INFO - got status 200 for url http://www.regione.toscana.it/bancadati/search?site=atti&client=fend_json&output=xml_no_dtd&getfields=*&ulang=it&ie=UTF-8&proxystylesheet=fend_json&start=100&num=100&filter=0&rc=1&q=inmeta%3AID_TIPO_PRATICA%3DPG+AND+inmeta%3AALLEGATO_DESCRIZIONE%3Dvoid&sort=meta%3ACODICE_PRATICA%3AD
2018-03-04 22:05:02,177 - crawler_application - INFO - got status 200 for url http://www.regione.toscana.it/bancadati/search?site=atti&client=fend_json&output=xml_no_dtd&getfields=*&ulang=it&ie=UTF-8&proxystylesheet=fend_json&start=100&num=100&filter=0&rc=1&q=inmeta%3AID_TIPO_PRATICA%3DPG+AND+inmeta%3AALLEGATO_DESCRIZIONE%3Dvoid&sort=meta%3ACODICE_PRATICA%3AD
2018-03-04 22:05:02,185 - crawler_application - INFO - saved result in regione-toscana/regione-toscana-result-atti-presidente-100-200.json
2018-03-04 22:05:02,185 - crawler_application - INFO - saved result in regione-toscana/regione-toscana-result-atti-presidente-100-200.json
2018-03-04 22:05:02,187 - crawler_application - INFO - extracted 200 records
2018-03-04 22:05:02,187 - crawler_application - INFO - extracted 200 records
2018-03-04 22:05:02,188 - crawler_application - INFO - start 200, num 100
2018-03-04 22:05:02,188 - crawler_application - INFO - start 200, num 100
2018-03-04 22:05:02,189 - crawler_application - DEBUG - sleeping 2 seconds
2018-03-04 22:05:02,189 - crawler_application - DEBUG - sleeping 2 seconds
2018-03-04 22:05:08,196 - crawler_application - INFO - requesting url http://www.regione.toscana.it/bancadati/search?site=atti&client=fend_json&output=xml_no_dtd&getfields=*&ulang=it&ie=UTF-8&proxystylesheet=fend_json&start=200&num=100&filter=0&rc=1&q=inmeta%3AID_TIPO_PRATICA%3DPG+AND+inmeta%3AALLEGATO_DESCRIZIONE%3Dvoid&sort=meta%3ACODICE_PRATICA%3AD
2018-03-04 22:05:08,196 - crawler_application - INFO - requesting url http://www.regione.toscana.it/bancadati/search?site=atti&client=fend_json&output=xml_no_dtd&getfields=*&ulang=it&ie=UTF-8&proxystylesheet=fend_json&start=200&num=100&filter=0&rc=1&q=inmeta%3AID_TIPO_PRATICA%3DPG+AND+inmeta%3AALLEGATO_DESCRIZIONE%3Dvoid&sort=meta%3ACODICE_PRATICA%3AD
2018-03-04 22:05:09,539 - crawler_application - INFO - got status 200 for url http://www.regione.toscana.it/bancadati/search?site=atti&client=fend_json&output=xml_no_dtd&getfields=*&ulang=it&ie=UTF-8&proxystylesheet=fend_json&start=200&num=100&filter=0&rc=1&q=inmeta%3AID_TIPO_PRATICA%3DPG+AND+inmeta%3AALLEGATO_DESCRIZIONE%3Dvoid&sort=meta%3ACODICE_PRATICA%3AD
2018-03-04 22:05:09,539 - crawler_application - INFO - got status 200 for url http://www.regione.toscana.it/bancadati/search?site=atti&client=fend_json&output=xml_no_dtd&getfields=*&ulang=it&ie=UTF-8&proxystylesheet=fend_json&start=200&num=100&filter=0&rc=1&q=inmeta%3AID_TIPO_PRATICA%3DPG+AND+inmeta%3AALLEGATO_DESCRIZIONE%3Dvoid&sort=meta%3ACODICE_PRATICA%3AD
2018-03-04 22:05:09,549 - crawler_application - INFO - saved result in regione-toscana/regione-toscana-result-atti-presidente-200-300.json
2018-03-04 22:05:09,549 - crawler_application - INFO - saved result in regione-toscana/regione-toscana-result-atti-presidente-200-300.json
2018-03-04 22:05:09,550 - crawler_application - INFO - extracted 300 records
2018-03-04 22:05:09,550 - crawler_application - INFO - extracted 300 records
2018-03-04 22:05:09,551 - crawler_application - INFO - start 300, num 100
2018-03-04 22:05:09,551 - crawler_application - INFO - start 300, num 100
2018-03-04 22:05:09,552 - crawler_application - DEBUG - sleeping 3 seconds
2018-03-04 22:05:09,552 - crawler_application - DEBUG - sleeping 3 seconds
2018-03-04 22:05:14,558 - crawler_application - INFO - requesting url http://www.regione.toscana.it/bancadati/search?site=atti&client=fend_json&output=xml_no_dtd&getfields=*&ulang=it&ie=UTF-8&proxystylesheet=fend_json&start=300&num=100&filter=0&rc=1&q=inmeta%3AID_TIPO_PRATICA%3DPG+AND+inmeta%3AALLEGATO_DESCRIZIONE%3Dvoid&sort=meta%3ACODICE_PRATICA%3AD
2018-03-04 22:05:14,558 - crawler_application - INFO - requesting url http://www.regione.toscana.it/bancadati/search?site=atti&client=fend_json&output=xml_no_dtd&getfields=*&ulang=it&ie=UTF-8&proxystylesheet=fend_json&start=300&num=100&filter=0&rc=1&q=inmeta%3AID_TIPO_PRATICA%3DPG+AND+inmeta%3AALLEGATO_DESCRIZIONE%3Dvoid&sort=meta%3ACODICE_PRATICA%3AD
2018-03-04 22:05:15,454 - crawler_application - INFO - got status 200 for url http://www.regione.toscana.it/bancadati/search?site=atti&client=fend_json&output=xml_no_dtd&getfields=*&ulang=it&ie=UTF-8&proxystylesheet=fend_json&start=300&num=100&filter=0&rc=1&q=inmeta%3AID_TIPO_PRATICA%3DPG+AND+inmeta%3AALLEGATO_DESCRIZIONE%3Dvoid&sort=meta%3ACODICE_PRATICA%3AD
2018-03-04 22:05:15,454 - crawler_application - INFO - got status 200 for url http://www.regione.toscana.it/bancadati/search?site=atti&client=fend_json&output=xml_no_dtd&getfields=*&ulang=it&ie=UTF-8&proxystylesheet=fend_json&start=300&num=100&filter=0&rc=1&q=inmeta%3AID_TIPO_PRATICA%3DPG+AND+inmeta%3AALLEGATO_DESCRIZIONE%3Dvoid&sort=meta%3ACODICE_PRATICA%3AD
2018-03-04 22:05:15,464 - crawler_application - INFO - saved result in regione-toscana/regione-toscana-result-atti-presidente-300-400.json
2018-03-04 22:05:15,464 - crawler_application - INFO - saved result in regione-toscana/regione-toscana-result-atti-presidente-300-400.json
2018-03-04 22:05:15,465 - crawler_application - INFO - extracted 400 records
2018-03-04 22:05:15,465 - crawler_application - INFO - extracted 400 records
2018-03-04 22:05:15,466 - crawler_application - INFO - start 400, num 100
2018-03-04 22:05:15,466 - crawler_application - INFO - start 400, num 100
2018-03-04 22:05:15,466 - crawler_application - DEBUG - sleeping 2 seconds
2018-03-04 22:05:15,466 - crawler_application - DEBUG - sleeping 2 seconds
2018-03-04 22:05:32,484 - crawler_application - INFO - requesting url http://www.regione.toscana.it/bancadati/search?site=atti&client=fend_json&output=xml_no_dtd&getfields=*&ulang=it&ie=UTF-8&proxystylesheet=fend_json&start=400&num=100&filter=0&rc=1&q=inmeta%3AID_TIPO_PRATICA%3DPG+AND+inmeta%3AALLEGATO_DESCRIZIONE%3Dvoid&sort=meta%3ACODICE_PRATICA%3AD
2018-03-04 22:05:32,484 - crawler_application - INFO - requesting url http://www.regione.toscana.it/bancadati/search?site=atti&client=fend_json&output=xml_no_dtd&getfields=*&ulang=it&ie=UTF-8&proxystylesheet=fend_json&start=400&num=100&filter=0&rc=1&q=inmeta%3AID_TIPO_PRATICA%3DPG+AND+inmeta%3AALLEGATO_DESCRIZIONE%3Dvoid&sort=meta%3ACODICE_PRATICA%3AD
2018-03-04 22:05:33,523 - crawler_application - INFO - got status 200 for url http://www.regione.toscana.it/bancadati/search?site=atti&client=fend_json&output=xml_no_dtd&getfields=*&ulang=it&ie=UTF-8&proxystylesheet=fend_json&start=400&num=100&filter=0&rc=1&q=inmeta%3AID_TIPO_PRATICA%3DPG+AND+inmeta%3AALLEGATO_DESCRIZIONE%3Dvoid&sort=meta%3ACODICE_PRATICA%3AD
2018-03-04 22:05:33,523 - crawler_application - INFO - got status 200 for url http://www.regione.toscana.it/bancadati/search?site=atti&client=fend_json&output=xml_no_dtd&getfields=*&ulang=it&ie=UTF-8&proxystylesheet=fend_json&start=400&num=100&filter=0&rc=1&q=inmeta%3AID_TIPO_PRATICA%3DPG+AND+inmeta%3AALLEGATO_DESCRIZIONE%3Dvoid&sort=meta%3ACODICE_PRATICA%3AD
2018-03-04 22:05:33,532 - crawler_application - INFO - saved result in regione-toscana/regione-toscana-result-atti-presidente-400-500.json
2018-03-04 22:05:33,532 - crawler_application - INFO - saved result in regione-toscana/regione-toscana-result-atti-presidente-400-500.json
2018-03-04 22:05:33,533 - crawler_application - INFO - extracted 500 records
2018-03-04 22:05:33,533 - crawler_application - INFO - extracted 500 records
2018-03-04 22:05:33,534 - crawler_application - INFO - start 500, num 100
2018-03-04 22:05:33,534 - crawler_application - INFO - start 500, num 100
2018-03-04 22:05:33,535 - crawler_application - DEBUG - sleeping 5 seconds
2018-03-04 22:05:33,535 - crawler_application - DEBUG - sleeping 5 seconds
2018-03-04 22:05:43,541 - crawler_application - INFO - requesting url http://www.regione.toscana.it/bancadati/search?site=atti&client=fend_json&output=xml_no_dtd&getfields=*&ulang=it&ie=UTF-8&proxystylesheet=fend_json&start=500&num=100&filter=0&rc=1&q=inmeta%3AID_TIPO_PRATICA%3DPG+AND+inmeta%3AALLEGATO_DESCRIZIONE%3Dvoid&sort=meta%3ACODICE_PRATICA%3AD
2018-03-04 22:05:43,541 - crawler_application - INFO - requesting url http://www.regione.toscana.it/bancadati/search?site=atti&client=fend_json&output=xml_no_dtd&getfields=*&ulang=it&ie=UTF-8&proxystylesheet=fend_json&start=500&num=100&filter=0&rc=1&q=inmeta%3AID_TIPO_PRATICA%3DPG+AND+inmeta%3AALLEGATO_DESCRIZIONE%3Dvoid&sort=meta%3ACODICE_PRATICA%3AD
2018-03-04 22:05:44,787 - crawler_application - INFO - got status 200 for url http://www.regione.toscana.it/bancadati/search?site=atti&client=fend_json&output=xml_no_dtd&getfields=*&ulang=it&ie=UTF-8&proxystylesheet=fend_json&start=500&num=100&filter=0&rc=1&q=inmeta%3AID_TIPO_PRATICA%3DPG+AND+inmeta%3AALLEGATO_DESCRIZIONE%3Dvoid&sort=meta%3ACODICE_PRATICA%3AD
2018-03-04 22:05:44,787 - crawler_application - INFO - got status 200 for url http://www.regione.toscana.it/bancadati/search?site=atti&client=fend_json&output=xml_no_dtd&getfields=*&ulang=it&ie=UTF-8&proxystylesheet=fend_json&start=500&num=100&filter=0&rc=1&q=inmeta%3AID_TIPO_PRATICA%3DPG+AND+inmeta%3AALLEGATO_DESCRIZIONE%3Dvoid&sort=meta%3ACODICE_PRATICA%3AD
2018-03-04 22:05:44,798 - crawler_application - INFO - saved result in regione-toscana/regione-toscana-result-atti-presidente-500-600.json
2018-03-04 22:05:44,798 - crawler_application - INFO - saved result in regione-toscana/regione-toscana-result-atti-presidente-500-600.json
2018-03-04 22:05:44,801 - crawler_application - INFO - extracted 600 records
2018-03-04 22:05:44,801 - crawler_application - INFO - extracted 600 records
2018-03-04 22:05:44,802 - crawler_application - INFO - start 600, num 100
2018-03-04 22:05:44,802 - crawler_application - INFO - start 600, num 100
2018-03-04 22:05:44,803 - crawler_application - DEBUG - sleeping 4 seconds
2018-03-04 22:05:44,803 - crawler_application - DEBUG - sleeping 4 seconds
2018-03-04 22:05:52,812 - crawler_application - INFO - requesting url http://www.regione.toscana.it/bancadati/search?site=atti&client=fend_json&output=xml_no_dtd&getfields=*&ulang=it&ie=UTF-8&proxystylesheet=fend_json&start=600&num=100&filter=0&rc=1&q=inmeta%3AID_TIPO_PRATICA%3DPG+AND+inmeta%3AALLEGATO_DESCRIZIONE%3Dvoid&sort=meta%3ACODICE_PRATICA%3AD
2018-03-04 22:05:52,812 - crawler_application - INFO - requesting url http://www.regione.toscana.it/bancadati/search?site=atti&client=fend_json&output=xml_no_dtd&getfields=*&ulang=it&ie=UTF-8&proxystylesheet=fend_json&start=600&num=100&filter=0&rc=1&q=inmeta%3AID_TIPO_PRATICA%3DPG+AND+inmeta%3AALLEGATO_DESCRIZIONE%3Dvoid&sort=meta%3ACODICE_PRATICA%3AD
2018-03-04 22:05:53,771 - crawler_application - INFO - got status 200 for url http://www.regione.toscana.it/bancadati/search?site=atti&client=fend_json&output=xml_no_dtd&getfields=*&ulang=it&ie=UTF-8&proxystylesheet=fend_json&start=600&num=100&filter=0&rc=1&q=inmeta%3AID_TIPO_PRATICA%3DPG+AND+inmeta%3AALLEGATO_DESCRIZIONE%3Dvoid&sort=meta%3ACODICE_PRATICA%3AD
2018-03-04 22:05:53,771 - crawler_application - INFO - got status 200 for url http://www.regione.toscana.it/bancadati/search?site=atti&client=fend_json&output=xml_no_dtd&getfields=*&ulang=it&ie=UTF-8&proxystylesheet=fend_json&start=600&num=100&filter=0&rc=1&q=inmeta%3AID_TIPO_PRATICA%3DPG+AND+inmeta%3AALLEGATO_DESCRIZIONE%3Dvoid&sort=meta%3ACODICE_PRATICA%3AD
2018-03-04 22:05:53,781 - crawler_application - INFO - saved result in regione-toscana/regione-toscana-result-atti-presidente-600-700.json
2018-03-04 22:05:53,781 - crawler_application - INFO - saved result in regione-toscana/regione-toscana-result-atti-presidente-600-700.json
2018-03-04 22:05:53,785 - crawler_application - INFO - extracted 700 records
2018-03-04 22:05:53,785 - crawler_application - INFO - extracted 700 records
2018-03-04 22:05:53,789 - crawler_application - INFO - start 700, num 100
2018-03-04 22:05:53,789 - crawler_application - INFO - start 700, num 100
2018-03-04 22:05:53,793 - crawler_application - DEBUG - sleeping 4 seconds
2018-03-04 22:05:53,793 - crawler_application - DEBUG - sleeping 4 seconds
2018-03-04 22:06:07,806 - crawler_application - INFO - requesting url http://www.regione.toscana.it/bancadati/search?site=atti&client=fend_json&output=xml_no_dtd&getfields=*&ulang=it&ie=UTF-8&proxystylesheet=fend_json&start=700&num=100&filter=0&rc=1&q=inmeta%3AID_TIPO_PRATICA%3DPG+AND+inmeta%3AALLEGATO_DESCRIZIONE%3Dvoid&sort=meta%3ACODICE_PRATICA%3AD
2018-03-04 22:06:07,806 - crawler_application - INFO - requesting url http://www.regione.toscana.it/bancadati/search?site=atti&client=fend_json&output=xml_no_dtd&getfields=*&ulang=it&ie=UTF-8&proxystylesheet=fend_json&start=700&num=100&filter=0&rc=1&q=inmeta%3AID_TIPO_PRATICA%3DPG+AND+inmeta%3AALLEGATO_DESCRIZIONE%3Dvoid&sort=meta%3ACODICE_PRATICA%3AD
2018-03-04 22:06:08,882 - crawler_application - INFO - got status 200 for url http://www.regione.toscana.it/bancadati/search?site=atti&client=fend_json&output=xml_no_dtd&getfields=*&ulang=it&ie=UTF-8&proxystylesheet=fend_json&start=700&num=100&filter=0&rc=1&q=inmeta%3AID_TIPO_PRATICA%3DPG+AND+inmeta%3AALLEGATO_DESCRIZIONE%3Dvoid&sort=meta%3ACODICE_PRATICA%3AD
2018-03-04 22:06:08,882 - crawler_application - INFO - got status 200 for url http://www.regione.toscana.it/bancadati/search?site=atti&client=fend_json&output=xml_no_dtd&getfields=*&ulang=it&ie=UTF-8&proxystylesheet=fend_json&start=700&num=100&filter=0&rc=1&q=inmeta%3AID_TIPO_PRATICA%3DPG+AND+inmeta%3AALLEGATO_DESCRIZIONE%3Dvoid&sort=meta%3ACODICE_PRATICA%3AD
2018-03-04 22:06:08,892 - crawler_application - INFO - saved result in regione-toscana/regione-toscana-result-atti-presidente-700-800.json
2018-03-04 22:06:08,892 - crawler_application - INFO - saved result in regione-toscana/regione-toscana-result-atti-presidente-700-800.json
2018-03-04 22:06:08,896 - crawler_application - INFO - extracted 800 records
2018-03-04 22:06:08,896 - crawler_application - INFO - extracted 800 records
2018-03-04 22:06:08,899 - crawler_application - INFO - start 800, num 100
2018-03-04 22:06:08,899 - crawler_application - INFO - start 800, num 100
2018-03-04 22:06:08,902 - crawler_application - DEBUG - sleeping 3 seconds
2018-03-04 22:06:08,902 - crawler_application - DEBUG - sleeping 3 seconds
2018-03-04 22:06:27,915 - crawler_application - INFO - requesting url http://www.regione.toscana.it/bancadati/search?site=atti&client=fend_json&output=xml_no_dtd&getfields=*&ulang=it&ie=UTF-8&proxystylesheet=fend_json&start=800&num=100&filter=0&rc=1&q=inmeta%3AID_TIPO_PRATICA%3DPG+AND+inmeta%3AALLEGATO_DESCRIZIONE%3Dvoid&sort=meta%3ACODICE_PRATICA%3AD
2018-03-04 22:06:27,915 - crawler_application - INFO - requesting url http://www.regione.toscana.it/bancadati/search?site=atti&client=fend_json&output=xml_no_dtd&getfields=*&ulang=it&ie=UTF-8&proxystylesheet=fend_json&start=800&num=100&filter=0&rc=1&q=inmeta%3AID_TIPO_PRATICA%3DPG+AND+inmeta%3AALLEGATO_DESCRIZIONE%3Dvoid&sort=meta%3ACODICE_PRATICA%3AD
2018-03-04 22:06:28,724 - crawler_application - INFO - got status 200 for url http://www.regione.toscana.it/bancadati/search?site=atti&client=fend_json&output=xml_no_dtd&getfields=*&ulang=it&ie=UTF-8&proxystylesheet=fend_json&start=800&num=100&filter=0&rc=1&q=inmeta%3AID_TIPO_PRATICA%3DPG+AND+inmeta%3AALLEGATO_DESCRIZIONE%3Dvoid&sort=meta%3ACODICE_PRATICA%3AD
2018-03-04 22:06:28,724 - crawler_application - INFO - got status 200 for url http://www.regione.toscana.it/bancadati/search?site=atti&client=fend_json&output=xml_no_dtd&getfields=*&ulang=it&ie=UTF-8&proxystylesheet=fend_json&start=800&num=100&filter=0&rc=1&q=inmeta%3AID_TIPO_PRATICA%3DPG+AND+inmeta%3AALLEGATO_DESCRIZIONE%3Dvoid&sort=meta%3ACODICE_PRATICA%3AD
2018-03-04 22:06:28,731 - crawler_application - INFO - saved result in regione-toscana/regione-toscana-result-atti-presidente-800-900.json
2018-03-04 22:06:28,731 - crawler_application - INFO - saved result in regione-toscana/regione-toscana-result-atti-presidente-800-900.json
2018-03-04 22:06:28,733 - crawler_application - INFO - extracted 900 records
2018-03-04 22:06:28,733 - crawler_application - INFO - extracted 900 records
2018-03-04 22:06:28,734 - crawler_application - INFO - start 900, num 100
2018-03-04 22:06:28,734 - crawler_application - INFO - start 900, num 100
2018-03-04 22:06:28,734 - crawler_application - DEBUG - sleeping 5 seconds
2018-03-04 22:06:28,734 - crawler_application - DEBUG - sleeping 5 seconds
2018-03-04 22:06:38,745 - crawler_application - INFO - requesting url http://www.regione.toscana.it/bancadati/search?site=atti&client=fend_json&output=xml_no_dtd&getfields=*&ulang=it&ie=UTF-8&proxystylesheet=fend_json&start=900&num=100&filter=0&rc=1&q=inmeta%3AID_TIPO_PRATICA%3DPG+AND+inmeta%3AALLEGATO_DESCRIZIONE%3Dvoid&sort=meta%3ACODICE_PRATICA%3AD
2018-03-04 22:06:38,745 - crawler_application - INFO - requesting url http://www.regione.toscana.it/bancadati/search?site=atti&client=fend_json&output=xml_no_dtd&getfields=*&ulang=it&ie=UTF-8&proxystylesheet=fend_json&start=900&num=100&filter=0&rc=1&q=inmeta%3AID_TIPO_PRATICA%3DPG+AND+inmeta%3AALLEGATO_DESCRIZIONE%3Dvoid&sort=meta%3ACODICE_PRATICA%3AD
2018-03-04 22:06:39,667 - crawler_application - INFO - got status 200 for url http://www.regione.toscana.it/bancadati/search?site=atti&client=fend_json&output=xml_no_dtd&getfields=*&ulang=it&ie=UTF-8&proxystylesheet=fend_json&start=900&num=100&filter=0&rc=1&q=inmeta%3AID_TIPO_PRATICA%3DPG+AND+inmeta%3AALLEGATO_DESCRIZIONE%3Dvoid&sort=meta%3ACODICE_PRATICA%3AD
2018-03-04 22:06:39,667 - crawler_application - INFO - got status 200 for url http://www.regione.toscana.it/bancadati/search?site=atti&client=fend_json&output=xml_no_dtd&getfields=*&ulang=it&ie=UTF-8&proxystylesheet=fend_json&start=900&num=100&filter=0&rc=1&q=inmeta%3AID_TIPO_PRATICA%3DPG+AND+inmeta%3AALLEGATO_DESCRIZIONE%3Dvoid&sort=meta%3ACODICE_PRATICA%3AD
2018-03-04 22:06:39,676 - crawler_application - INFO - saved result in regione-toscana/regione-toscana-result-atti-presidente-900-1000.json
2018-03-04 22:06:39,676 - crawler_application - INFO - saved result in regione-toscana/regione-toscana-result-atti-presidente-900-1000.json
2018-03-04 22:06:39,681 - crawler_application - INFO - extracted 1000 records
2018-03-04 22:06:39,681 - crawler_application - INFO - extracted 1000 records
2018-03-04 22:06:39,684 - crawler_application - INFO - start 1000, num 100
2018-03-04 22:06:39,684 - crawler_application - INFO - start 1000, num 100
2018-03-04 22:06:39,685 - crawler_application - DEBUG - sleeping 2 seconds
2018-03-04 22:06:39,685 - crawler_application - DEBUG - sleeping 2 seconds
2018-03-04 22:06:50,697 - crawler_application - INFO - requesting url http://www.regione.toscana.it/bancadati/search?site=atti&client=fend_json&output=xml_no_dtd&getfields=*&ulang=it&ie=UTF-8&proxystylesheet=fend_json&start=1000&num=100&filter=0&rc=1&q=inmeta%3AID_TIPO_PRATICA%3DPG+AND+inmeta%3AALLEGATO_DESCRIZIONE%3Dvoid&sort=meta%3ACODICE_PRATICA%3AD
2018-03-04 22:06:50,697 - crawler_application - INFO - requesting url http://www.regione.toscana.it/bancadati/search?site=atti&client=fend_json&output=xml_no_dtd&getfields=*&ulang=it&ie=UTF-8&proxystylesheet=fend_json&start=1000&num=100&filter=0&rc=1&q=inmeta%3AID_TIPO_PRATICA%3DPG+AND+inmeta%3AALLEGATO_DESCRIZIONE%3Dvoid&sort=meta%3ACODICE_PRATICA%3AD
2018-03-04 22:06:51,005 - crawler_application - INFO - got status 200 for url http://www.regione.toscana.it/bancadati/search?site=atti&client=fend_json&output=xml_no_dtd&getfields=*&ulang=it&ie=UTF-8&proxystylesheet=fend_json&start=1000&num=100&filter=0&rc=1&q=inmeta%3AID_TIPO_PRATICA%3DPG+AND+inmeta%3AALLEGATO_DESCRIZIONE%3Dvoid&sort=meta%3ACODICE_PRATICA%3AD
2018-03-04 22:06:51,005 - crawler_application - INFO - got status 200 for url http://www.regione.toscana.it/bancadati/search?site=atti&client=fend_json&output=xml_no_dtd&getfields=*&ulang=it&ie=UTF-8&proxystylesheet=fend_json&start=1000&num=100&filter=0&rc=1&q=inmeta%3AID_TIPO_PRATICA%3DPG+AND+inmeta%3AALLEGATO_DESCRIZIONE%3Dvoid&sort=meta%3ACODICE_PRATICA%3AD
2018-03-04 22:06:51,008 - crawler_application - ERROR - no results skipped http://www.regione.toscana.it/bancadati/search?site=atti&client=fend_json&output=xml_no_dtd&getfields=*&ulang=it&ie=UTF-8&proxystylesheet=fend_json&start=1000&num=100&filter=0&rc=1&q=inmeta%3AID_TIPO_PRATICA%3DPG+AND+inmeta%3AALLEGATO_DESCRIZIONE%3Dvoid&sort=meta%3ACODICE_PRATICA%3AD 
 {'GSP': {'script_report_load': '/click?&q=inmeta%3AID_TIPO_PRATICA%253DPG%2BAND%2Binmeta%3AALLEGATO_DESCRIZIONE%253Dvoid&ct=load&s=1000&site=atti', 'TM': '0.000806', 'Q': 'inmeta:ID_TIPO_PRATICA=PG AND inmeta:ALLEGATO_DESCRIZIONE=void', 'PARAM': [{'site': {'value': 'atti', 'original_value': 'atti'}, 'client': {'value': 'fend_json', 'original_value': 'fend_json'}, 'output': {'value': 'xml_no_dtd', 'original_value': 'xml_no_dtd'}, 'getfields': {'value': '*', 'original_value': '*'}, 'ulang': {'value': '', 'original_value': ''}, 'ie': {'value': 'UTF-8', 'original_value': 'UTF-8'}, 'proxystylesheet': {'value': 'fend_json', 'original_value': 'fend_json'}, 'start': {'value': '1000', 'original_value': '1000'}, 'num': {'value': '100', 'original_value': '100'}, 'filter': {'value': '0', 'original_value': '0'}, 'rc': {'value': '1', 'original_value': '1'}, 'q': {'value': 'inmeta:ID_TIPO_PRATICA=PG AND inmeta:ALLEGATO_DESCRIZIONE=void', 'original_value': 'inmeta:ID_TIPO_PRATICA%3DPG+AND+inmeta:ALLEGATO_DESCRIZIONE%3Dvoid'}, 'sort': {'value': 'meta:CODICE_PRATICA:D', 'original_value': 'meta:CODICE_PRATICA:D'}, 'ip': {'value': '188.217.209.145', 'original_value': '188.217.209.145'}, 'access': {'value': 'p', 'original_value': 'p'}, 'entqr': {'value': '3', 'original_value': '3'}, 'entqrm': {'value': '0', 'original_value': '0'}, 'wc': {'value': '200', 'original_value': '200'}, 'wc_mc': {'value': '1', 'original_value': '1'}, 'oe': {'value': 'UTF-8', 'original_value': 'UTF-8'}, 'ud': {'value': '1', 'original_value': '1'}}]}}
2018-03-04 22:06:51,008 - crawler_application - ERROR - no results skipped http://www.regione.toscana.it/bancadati/search?site=atti&client=fend_json&output=xml_no_dtd&getfields=*&ulang=it&ie=UTF-8&proxystylesheet=fend_json&start=1000&num=100&filter=0&rc=1&q=inmeta%3AID_TIPO_PRATICA%3DPG+AND+inmeta%3AALLEGATO_DESCRIZIONE%3Dvoid&sort=meta%3ACODICE_PRATICA%3AD 
 {'GSP': {'script_report_load': '/click?&q=inmeta%3AID_TIPO_PRATICA%253DPG%2BAND%2Binmeta%3AALLEGATO_DESCRIZIONE%253Dvoid&ct=load&s=1000&site=atti', 'TM': '0.000806', 'Q': 'inmeta:ID_TIPO_PRATICA=PG AND inmeta:ALLEGATO_DESCRIZIONE=void', 'PARAM': [{'site': {'value': 'atti', 'original_value': 'atti'}, 'client': {'value': 'fend_json', 'original_value': 'fend_json'}, 'output': {'value': 'xml_no_dtd', 'original_value': 'xml_no_dtd'}, 'getfields': {'value': '*', 'original_value': '*'}, 'ulang': {'value': '', 'original_value': ''}, 'ie': {'value': 'UTF-8', 'original_value': 'UTF-8'}, 'proxystylesheet': {'value': 'fend_json', 'original_value': 'fend_json'}, 'start': {'value': '1000', 'original_value': '1000'}, 'num': {'value': '100', 'original_value': '100'}, 'filter': {'value': '0', 'original_value': '0'}, 'rc': {'value': '1', 'original_value': '1'}, 'q': {'value': 'inmeta:ID_TIPO_PRATICA=PG AND inmeta:ALLEGATO_DESCRIZIONE=void', 'original_value': 'inmeta:ID_TIPO_PRATICA%3DPG+AND+inmeta:ALLEGATO_DESCRIZIONE%3Dvoid'}, 'sort': {'value': 'meta:CODICE_PRATICA:D', 'original_value': 'meta:CODICE_PRATICA:D'}, 'ip': {'value': '188.217.209.145', 'original_value': '188.217.209.145'}, 'access': {'value': 'p', 'original_value': 'p'}, 'entqr': {'value': '3', 'original_value': '3'}, 'entqrm': {'value': '0', 'original_value': '0'}, 'wc': {'value': '200', 'original_value': '200'}, 'wc_mc': {'value': '1', 'original_value': '1'}, 'oe': {'value': 'UTF-8', 'original_value': 'UTF-8'}, 'ud': {'value': '1', 'original_value': '1'}}]}}
2018-03-04 22:06:51,011 - crawler_application - INFO - extracted 1000 records
2018-03-04 22:06:51,011 - crawler_application - INFO - extracted 1000 records
2018-03-04 22:09:52,960 - crawler_application - INFO - start 0, num 100
2018-03-04 22:09:52,960 - crawler_application - INFO - start 0, num 100
2018-03-04 22:09:52,961 - crawler_application - DEBUG - sleeping 4 seconds
2018-03-04 22:09:52,961 - crawler_application - DEBUG - sleeping 4 seconds
2018-03-04 22:10:07,977 - crawler_application - INFO - requesting url http://www.regione.toscana.it/bancadati/search?site=atti&client=fend_json&output=xml_no_dtd&getfields=*&ulang=it&ie=UTF-8&proxystylesheet=fend_json&start=0&num=100&filter=0&rc=1&q=inmeta%3AID_TIPO_PRATICA%3DMON+AND+inmeta%3AALLEGATO_DESCRIZIONE%3Dvoid&sort=meta%3ACODICE_PRATICA%3AD
2018-03-04 22:10:07,977 - crawler_application - INFO - requesting url http://www.regione.toscana.it/bancadati/search?site=atti&client=fend_json&output=xml_no_dtd&getfields=*&ulang=it&ie=UTF-8&proxystylesheet=fend_json&start=0&num=100&filter=0&rc=1&q=inmeta%3AID_TIPO_PRATICA%3DMON+AND+inmeta%3AALLEGATO_DESCRIZIONE%3Dvoid&sort=meta%3ACODICE_PRATICA%3AD
2018-03-04 22:10:09,097 - crawler_application - INFO - got status 200 for url http://www.regione.toscana.it/bancadati/search?site=atti&client=fend_json&output=xml_no_dtd&getfields=*&ulang=it&ie=UTF-8&proxystylesheet=fend_json&start=0&num=100&filter=0&rc=1&q=inmeta%3AID_TIPO_PRATICA%3DMON+AND+inmeta%3AALLEGATO_DESCRIZIONE%3Dvoid&sort=meta%3ACODICE_PRATICA%3AD
2018-03-04 22:10:09,097 - crawler_application - INFO - got status 200 for url http://www.regione.toscana.it/bancadati/search?site=atti&client=fend_json&output=xml_no_dtd&getfields=*&ulang=it&ie=UTF-8&proxystylesheet=fend_json&start=0&num=100&filter=0&rc=1&q=inmeta%3AID_TIPO_PRATICA%3DMON+AND+inmeta%3AALLEGATO_DESCRIZIONE%3Dvoid&sort=meta%3ACODICE_PRATICA%3AD
2018-03-04 22:10:09,106 - crawler_application - INFO - saved result in regione-toscana/regione-toscana-result-atti-dirigenti-0-100.json
2018-03-04 22:10:09,106 - crawler_application - INFO - saved result in regione-toscana/regione-toscana-result-atti-dirigenti-0-100.json
2018-03-04 22:10:09,107 - crawler_application - INFO - extracted 100 records
2018-03-04 22:10:09,107 - crawler_application - INFO - extracted 100 records
2018-03-04 22:10:09,108 - crawler_application - INFO - start 100, num 100
2018-03-04 22:10:09,108 - crawler_application - INFO - start 100, num 100
2018-03-04 22:10:09,109 - crawler_application - DEBUG - sleeping 4 seconds
2018-03-04 22:10:09,109 - crawler_application - DEBUG - sleeping 4 seconds
2018-03-04 22:10:29,114 - crawler_application - INFO - requesting url http://www.regione.toscana.it/bancadati/search?site=atti&client=fend_json&output=xml_no_dtd&getfields=*&ulang=it&ie=UTF-8&proxystylesheet=fend_json&start=100&num=100&filter=0&rc=1&q=inmeta%3AID_TIPO_PRATICA%3DMON+AND+inmeta%3AALLEGATO_DESCRIZIONE%3Dvoid&sort=meta%3ACODICE_PRATICA%3AD
2018-03-04 22:10:29,114 - crawler_application - INFO - requesting url http://www.regione.toscana.it/bancadati/search?site=atti&client=fend_json&output=xml_no_dtd&getfields=*&ulang=it&ie=UTF-8&proxystylesheet=fend_json&start=100&num=100&filter=0&rc=1&q=inmeta%3AID_TIPO_PRATICA%3DMON+AND+inmeta%3AALLEGATO_DESCRIZIONE%3Dvoid&sort=meta%3ACODICE_PRATICA%3AD
2018-03-04 22:10:29,955 - crawler_application - INFO - got status 200 for url http://www.regione.toscana.it/bancadati/search?site=atti&client=fend_json&output=xml_no_dtd&getfields=*&ulang=it&ie=UTF-8&proxystylesheet=fend_json&start=100&num=100&filter=0&rc=1&q=inmeta%3AID_TIPO_PRATICA%3DMON+AND+inmeta%3AALLEGATO_DESCRIZIONE%3Dvoid&sort=meta%3ACODICE_PRATICA%3AD
2018-03-04 22:10:29,955 - crawler_application - INFO - got status 200 for url http://www.regione.toscana.it/bancadati/search?site=atti&client=fend_json&output=xml_no_dtd&getfields=*&ulang=it&ie=UTF-8&proxystylesheet=fend_json&start=100&num=100&filter=0&rc=1&q=inmeta%3AID_TIPO_PRATICA%3DMON+AND+inmeta%3AALLEGATO_DESCRIZIONE%3Dvoid&sort=meta%3ACODICE_PRATICA%3AD
2018-03-04 22:10:29,968 - crawler_application - INFO - saved result in regione-toscana/regione-toscana-result-atti-dirigenti-100-200.json
2018-03-04 22:10:29,968 - crawler_application - INFO - saved result in regione-toscana/regione-toscana-result-atti-dirigenti-100-200.json
2018-03-04 22:10:29,973 - crawler_application - INFO - extracted 200 records
2018-03-04 22:10:29,973 - crawler_application - INFO - extracted 200 records
2018-03-04 22:10:29,976 - crawler_application - INFO - start 200, num 100
2018-03-04 22:10:29,976 - crawler_application - INFO - start 200, num 100
2018-03-04 22:10:29,979 - crawler_application - DEBUG - sleeping 4 seconds
2018-03-04 22:10:29,979 - crawler_application - DEBUG - sleeping 4 seconds
2018-03-04 22:10:41,990 - crawler_application - INFO - requesting url http://www.regione.toscana.it/bancadati/search?site=atti&client=fend_json&output=xml_no_dtd&getfields=*&ulang=it&ie=UTF-8&proxystylesheet=fend_json&start=200&num=100&filter=0&rc=1&q=inmeta%3AID_TIPO_PRATICA%3DMON+AND+inmeta%3AALLEGATO_DESCRIZIONE%3Dvoid&sort=meta%3ACODICE_PRATICA%3AD
2018-03-04 22:10:41,990 - crawler_application - INFO - requesting url http://www.regione.toscana.it/bancadati/search?site=atti&client=fend_json&output=xml_no_dtd&getfields=*&ulang=it&ie=UTF-8&proxystylesheet=fend_json&start=200&num=100&filter=0&rc=1&q=inmeta%3AID_TIPO_PRATICA%3DMON+AND+inmeta%3AALLEGATO_DESCRIZIONE%3Dvoid&sort=meta%3ACODICE_PRATICA%3AD
2018-03-04 22:10:43,267 - crawler_application - INFO - got status 200 for url http://www.regione.toscana.it/bancadati/search?site=atti&client=fend_json&output=xml_no_dtd&getfields=*&ulang=it&ie=UTF-8&proxystylesheet=fend_json&start=200&num=100&filter=0&rc=1&q=inmeta%3AID_TIPO_PRATICA%3DMON+AND+inmeta%3AALLEGATO_DESCRIZIONE%3Dvoid&sort=meta%3ACODICE_PRATICA%3AD
2018-03-04 22:10:43,267 - crawler_application - INFO - got status 200 for url http://www.regione.toscana.it/bancadati/search?site=atti&client=fend_json&output=xml_no_dtd&getfields=*&ulang=it&ie=UTF-8&proxystylesheet=fend_json&start=200&num=100&filter=0&rc=1&q=inmeta%3AID_TIPO_PRATICA%3DMON+AND+inmeta%3AALLEGATO_DESCRIZIONE%3Dvoid&sort=meta%3ACODICE_PRATICA%3AD
2018-03-04 22:10:43,279 - crawler_application - INFO - saved result in regione-toscana/regione-toscana-result-atti-dirigenti-200-300.json
2018-03-04 22:10:43,279 - crawler_application - INFO - saved result in regione-toscana/regione-toscana-result-atti-dirigenti-200-300.json
2018-03-04 22:10:43,282 - crawler_application - INFO - extracted 300 records
2018-03-04 22:10:43,282 - crawler_application - INFO - extracted 300 records
2018-03-04 22:10:43,286 - crawler_application - INFO - start 300, num 100
2018-03-04 22:10:43,286 - crawler_application - INFO - start 300, num 100
2018-03-04 22:10:43,289 - crawler_application - DEBUG - sleeping 4 seconds
2018-03-04 22:10:43,289 - crawler_application - DEBUG - sleeping 4 seconds
2018-03-04 22:10:56,304 - crawler_application - INFO - requesting url http://www.regione.toscana.it/bancadati/search?site=atti&client=fend_json&output=xml_no_dtd&getfields=*&ulang=it&ie=UTF-8&proxystylesheet=fend_json&start=300&num=100&filter=0&rc=1&q=inmeta%3AID_TIPO_PRATICA%3DMON+AND+inmeta%3AALLEGATO_DESCRIZIONE%3Dvoid&sort=meta%3ACODICE_PRATICA%3AD
2018-03-04 22:10:56,304 - crawler_application - INFO - requesting url http://www.regione.toscana.it/bancadati/search?site=atti&client=fend_json&output=xml_no_dtd&getfields=*&ulang=it&ie=UTF-8&proxystylesheet=fend_json&start=300&num=100&filter=0&rc=1&q=inmeta%3AID_TIPO_PRATICA%3DMON+AND+inmeta%3AALLEGATO_DESCRIZIONE%3Dvoid&sort=meta%3ACODICE_PRATICA%3AD
2018-03-04 22:10:57,351 - crawler_application - INFO - got status 200 for url http://www.regione.toscana.it/bancadati/search?site=atti&client=fend_json&output=xml_no_dtd&getfields=*&ulang=it&ie=UTF-8&proxystylesheet=fend_json&start=300&num=100&filter=0&rc=1&q=inmeta%3AID_TIPO_PRATICA%3DMON+AND+inmeta%3AALLEGATO_DESCRIZIONE%3Dvoid&sort=meta%3ACODICE_PRATICA%3AD
2018-03-04 22:10:57,351 - crawler_application - INFO - got status 200 for url http://www.regione.toscana.it/bancadati/search?site=atti&client=fend_json&output=xml_no_dtd&getfields=*&ulang=it&ie=UTF-8&proxystylesheet=fend_json&start=300&num=100&filter=0&rc=1&q=inmeta%3AID_TIPO_PRATICA%3DMON+AND+inmeta%3AALLEGATO_DESCRIZIONE%3Dvoid&sort=meta%3ACODICE_PRATICA%3AD
2018-03-04 22:10:57,362 - crawler_application - INFO - saved result in regione-toscana/regione-toscana-result-atti-dirigenti-300-400.json
2018-03-04 22:10:57,362 - crawler_application - INFO - saved result in regione-toscana/regione-toscana-result-atti-dirigenti-300-400.json
2018-03-04 22:10:57,365 - crawler_application - INFO - extracted 400 records
2018-03-04 22:10:57,365 - crawler_application - INFO - extracted 400 records
2018-03-04 22:10:57,368 - crawler_application - INFO - start 400, num 100
2018-03-04 22:10:57,368 - crawler_application - INFO - start 400, num 100
2018-03-04 22:10:57,371 - crawler_application - DEBUG - sleeping 3 seconds
2018-03-04 22:10:57,371 - crawler_application - DEBUG - sleeping 3 seconds
2018-03-04 22:11:15,390 - crawler_application - INFO - requesting url http://www.regione.toscana.it/bancadati/search?site=atti&client=fend_json&output=xml_no_dtd&getfields=*&ulang=it&ie=UTF-8&proxystylesheet=fend_json&start=400&num=100&filter=0&rc=1&q=inmeta%3AID_TIPO_PRATICA%3DMON+AND+inmeta%3AALLEGATO_DESCRIZIONE%3Dvoid&sort=meta%3ACODICE_PRATICA%3AD
2018-03-04 22:11:15,390 - crawler_application - INFO - requesting url http://www.regione.toscana.it/bancadati/search?site=atti&client=fend_json&output=xml_no_dtd&getfields=*&ulang=it&ie=UTF-8&proxystylesheet=fend_json&start=400&num=100&filter=0&rc=1&q=inmeta%3AID_TIPO_PRATICA%3DMON+AND+inmeta%3AALLEGATO_DESCRIZIONE%3Dvoid&sort=meta%3ACODICE_PRATICA%3AD
2018-03-04 22:11:16,366 - crawler_application - INFO - got status 200 for url http://www.regione.toscana.it/bancadati/search?site=atti&client=fend_json&output=xml_no_dtd&getfields=*&ulang=it&ie=UTF-8&proxystylesheet=fend_json&start=400&num=100&filter=0&rc=1&q=inmeta%3AID_TIPO_PRATICA%3DMON+AND+inmeta%3AALLEGATO_DESCRIZIONE%3Dvoid&sort=meta%3ACODICE_PRATICA%3AD
2018-03-04 22:11:16,366 - crawler_application - INFO - got status 200 for url http://www.regione.toscana.it/bancadati/search?site=atti&client=fend_json&output=xml_no_dtd&getfields=*&ulang=it&ie=UTF-8&proxystylesheet=fend_json&start=400&num=100&filter=0&rc=1&q=inmeta%3AID_TIPO_PRATICA%3DMON+AND+inmeta%3AALLEGATO_DESCRIZIONE%3Dvoid&sort=meta%3ACODICE_PRATICA%3AD
2018-03-04 22:11:16,378 - crawler_application - INFO - saved result in regione-toscana/regione-toscana-result-atti-dirigenti-400-500.json
2018-03-04 22:11:16,378 - crawler_application - INFO - saved result in regione-toscana/regione-toscana-result-atti-dirigenti-400-500.json
2018-03-04 22:11:16,381 - crawler_application - INFO - extracted 500 records
2018-03-04 22:11:16,381 - crawler_application - INFO - extracted 500 records
2018-03-04 22:11:16,386 - crawler_application - INFO - start 500, num 100
2018-03-04 22:11:16,386 - crawler_application - INFO - start 500, num 100
2018-03-04 22:11:16,390 - crawler_application - DEBUG - sleeping 2 seconds
2018-03-04 22:11:16,390 - crawler_application - DEBUG - sleeping 2 seconds
2018-03-04 22:11:31,408 - crawler_application - INFO - requesting url http://www.regione.toscana.it/bancadati/search?site=atti&client=fend_json&output=xml_no_dtd&getfields=*&ulang=it&ie=UTF-8&proxystylesheet=fend_json&start=500&num=100&filter=0&rc=1&q=inmeta%3AID_TIPO_PRATICA%3DMON+AND+inmeta%3AALLEGATO_DESCRIZIONE%3Dvoid&sort=meta%3ACODICE_PRATICA%3AD
2018-03-04 22:11:31,408 - crawler_application - INFO - requesting url http://www.regione.toscana.it/bancadati/search?site=atti&client=fend_json&output=xml_no_dtd&getfields=*&ulang=it&ie=UTF-8&proxystylesheet=fend_json&start=500&num=100&filter=0&rc=1&q=inmeta%3AID_TIPO_PRATICA%3DMON+AND+inmeta%3AALLEGATO_DESCRIZIONE%3Dvoid&sort=meta%3ACODICE_PRATICA%3AD
2018-03-04 22:11:32,328 - crawler_application - INFO - got status 200 for url http://www.regione.toscana.it/bancadati/search?site=atti&client=fend_json&output=xml_no_dtd&getfields=*&ulang=it&ie=UTF-8&proxystylesheet=fend_json&start=500&num=100&filter=0&rc=1&q=inmeta%3AID_TIPO_PRATICA%3DMON+AND+inmeta%3AALLEGATO_DESCRIZIONE%3Dvoid&sort=meta%3ACODICE_PRATICA%3AD
2018-03-04 22:11:32,328 - crawler_application - INFO - got status 200 for url http://www.regione.toscana.it/bancadati/search?site=atti&client=fend_json&output=xml_no_dtd&getfields=*&ulang=it&ie=UTF-8&proxystylesheet=fend_json&start=500&num=100&filter=0&rc=1&q=inmeta%3AID_TIPO_PRATICA%3DMON+AND+inmeta%3AALLEGATO_DESCRIZIONE%3Dvoid&sort=meta%3ACODICE_PRATICA%3AD
2018-03-04 22:11:32,342 - crawler_application - INFO - saved result in regione-toscana/regione-toscana-result-atti-dirigenti-500-600.json
2018-03-04 22:11:32,342 - crawler_application - INFO - saved result in regione-toscana/regione-toscana-result-atti-dirigenti-500-600.json
2018-03-04 22:11:32,346 - crawler_application - INFO - extracted 600 records
2018-03-04 22:11:32,346 - crawler_application - INFO - extracted 600 records
2018-03-04 22:11:32,349 - crawler_application - INFO - start 600, num 100
2018-03-04 22:11:32,349 - crawler_application - INFO - start 600, num 100
2018-03-04 22:11:32,352 - crawler_application - DEBUG - sleeping 2 seconds
2018-03-04 22:11:32,352 - crawler_application - DEBUG - sleeping 2 seconds
2018-03-04 22:11:47,362 - crawler_application - INFO - requesting url http://www.regione.toscana.it/bancadati/search?site=atti&client=fend_json&output=xml_no_dtd&getfields=*&ulang=it&ie=UTF-8&proxystylesheet=fend_json&start=600&num=100&filter=0&rc=1&q=inmeta%3AID_TIPO_PRATICA%3DMON+AND+inmeta%3AALLEGATO_DESCRIZIONE%3Dvoid&sort=meta%3ACODICE_PRATICA%3AD
2018-03-04 22:11:47,362 - crawler_application - INFO - requesting url http://www.regione.toscana.it/bancadati/search?site=atti&client=fend_json&output=xml_no_dtd&getfields=*&ulang=it&ie=UTF-8&proxystylesheet=fend_json&start=600&num=100&filter=0&rc=1&q=inmeta%3AID_TIPO_PRATICA%3DMON+AND+inmeta%3AALLEGATO_DESCRIZIONE%3Dvoid&sort=meta%3ACODICE_PRATICA%3AD
2018-03-04 22:11:48,389 - crawler_application - INFO - got status 200 for url http://www.regione.toscana.it/bancadati/search?site=atti&client=fend_json&output=xml_no_dtd&getfields=*&ulang=it&ie=UTF-8&proxystylesheet=fend_json&start=600&num=100&filter=0&rc=1&q=inmeta%3AID_TIPO_PRATICA%3DMON+AND+inmeta%3AALLEGATO_DESCRIZIONE%3Dvoid&sort=meta%3ACODICE_PRATICA%3AD
2018-03-04 22:11:48,389 - crawler_application - INFO - got status 200 for url http://www.regione.toscana.it/bancadati/search?site=atti&client=fend_json&output=xml_no_dtd&getfields=*&ulang=it&ie=UTF-8&proxystylesheet=fend_json&start=600&num=100&filter=0&rc=1&q=inmeta%3AID_TIPO_PRATICA%3DMON+AND+inmeta%3AALLEGATO_DESCRIZIONE%3Dvoid&sort=meta%3ACODICE_PRATICA%3AD
2018-03-04 22:11:48,431 - crawler_application - INFO - saved result in regione-toscana/regione-toscana-result-atti-dirigenti-600-700.json
2018-03-04 22:11:48,431 - crawler_application - INFO - saved result in regione-toscana/regione-toscana-result-atti-dirigenti-600-700.json
2018-03-04 22:11:48,432 - crawler_application - INFO - extracted 700 records
2018-03-04 22:11:48,432 - crawler_application - INFO - extracted 700 records
2018-03-04 22:11:48,435 - crawler_application - INFO - start 700, num 100
2018-03-04 22:11:48,435 - crawler_application - INFO - start 700, num 100
2018-03-04 22:11:48,437 - crawler_application - DEBUG - sleeping 4 seconds
2018-03-04 22:11:48,437 - crawler_application - DEBUG - sleeping 4 seconds
2018-03-04 22:12:05,439 - crawler_application - INFO - requesting url http://www.regione.toscana.it/bancadati/search?site=atti&client=fend_json&output=xml_no_dtd&getfields=*&ulang=it&ie=UTF-8&proxystylesheet=fend_json&start=700&num=100&filter=0&rc=1&q=inmeta%3AID_TIPO_PRATICA%3DMON+AND+inmeta%3AALLEGATO_DESCRIZIONE%3Dvoid&sort=meta%3ACODICE_PRATICA%3AD
2018-03-04 22:12:05,439 - crawler_application - INFO - requesting url http://www.regione.toscana.it/bancadati/search?site=atti&client=fend_json&output=xml_no_dtd&getfields=*&ulang=it&ie=UTF-8&proxystylesheet=fend_json&start=700&num=100&filter=0&rc=1&q=inmeta%3AID_TIPO_PRATICA%3DMON+AND+inmeta%3AALLEGATO_DESCRIZIONE%3Dvoid&sort=meta%3ACODICE_PRATICA%3AD
2018-03-04 22:12:06,410 - crawler_application - INFO - got status 200 for url http://www.regione.toscana.it/bancadati/search?site=atti&client=fend_json&output=xml_no_dtd&getfields=*&ulang=it&ie=UTF-8&proxystylesheet=fend_json&start=700&num=100&filter=0&rc=1&q=inmeta%3AID_TIPO_PRATICA%3DMON+AND+inmeta%3AALLEGATO_DESCRIZIONE%3Dvoid&sort=meta%3ACODICE_PRATICA%3AD
2018-03-04 22:12:06,410 - crawler_application - INFO - got status 200 for url http://www.regione.toscana.it/bancadati/search?site=atti&client=fend_json&output=xml_no_dtd&getfields=*&ulang=it&ie=UTF-8&proxystylesheet=fend_json&start=700&num=100&filter=0&rc=1&q=inmeta%3AID_TIPO_PRATICA%3DMON+AND+inmeta%3AALLEGATO_DESCRIZIONE%3Dvoid&sort=meta%3ACODICE_PRATICA%3AD
2018-03-04 22:12:06,420 - crawler_application - INFO - saved result in regione-toscana/regione-toscana-result-atti-dirigenti-700-800.json
2018-03-04 22:12:06,420 - crawler_application - INFO - saved result in regione-toscana/regione-toscana-result-atti-dirigenti-700-800.json
2018-03-04 22:12:06,425 - crawler_application - INFO - extracted 800 records
2018-03-04 22:12:06,425 - crawler_application - INFO - extracted 800 records
2018-03-04 22:12:06,428 - crawler_application - INFO - start 800, num 100
2018-03-04 22:12:06,428 - crawler_application - INFO - start 800, num 100
2018-03-04 22:12:06,431 - crawler_application - DEBUG - sleeping 5 seconds
2018-03-04 22:12:06,431 - crawler_application - DEBUG - sleeping 5 seconds
2018-03-04 22:12:17,444 - crawler_application - INFO - requesting url http://www.regione.toscana.it/bancadati/search?site=atti&client=fend_json&output=xml_no_dtd&getfields=*&ulang=it&ie=UTF-8&proxystylesheet=fend_json&start=800&num=100&filter=0&rc=1&q=inmeta%3AID_TIPO_PRATICA%3DMON+AND+inmeta%3AALLEGATO_DESCRIZIONE%3Dvoid&sort=meta%3ACODICE_PRATICA%3AD
2018-03-04 22:12:17,444 - crawler_application - INFO - requesting url http://www.regione.toscana.it/bancadati/search?site=atti&client=fend_json&output=xml_no_dtd&getfields=*&ulang=it&ie=UTF-8&proxystylesheet=fend_json&start=800&num=100&filter=0&rc=1&q=inmeta%3AID_TIPO_PRATICA%3DMON+AND+inmeta%3AALLEGATO_DESCRIZIONE%3Dvoid&sort=meta%3ACODICE_PRATICA%3AD
2018-03-04 22:12:18,497 - crawler_application - INFO - got status 200 for url http://www.regione.toscana.it/bancadati/search?site=atti&client=fend_json&output=xml_no_dtd&getfields=*&ulang=it&ie=UTF-8&proxystylesheet=fend_json&start=800&num=100&filter=0&rc=1&q=inmeta%3AID_TIPO_PRATICA%3DMON+AND+inmeta%3AALLEGATO_DESCRIZIONE%3Dvoid&sort=meta%3ACODICE_PRATICA%3AD
2018-03-04 22:12:18,497 - crawler_application - INFO - got status 200 for url http://www.regione.toscana.it/bancadati/search?site=atti&client=fend_json&output=xml_no_dtd&getfields=*&ulang=it&ie=UTF-8&proxystylesheet=fend_json&start=800&num=100&filter=0&rc=1&q=inmeta%3AID_TIPO_PRATICA%3DMON+AND+inmeta%3AALLEGATO_DESCRIZIONE%3Dvoid&sort=meta%3ACODICE_PRATICA%3AD
2018-03-04 22:12:18,508 - crawler_application - INFO - saved result in regione-toscana/regione-toscana-result-atti-dirigenti-800-900.json
2018-03-04 22:12:18,508 - crawler_application - INFO - saved result in regione-toscana/regione-toscana-result-atti-dirigenti-800-900.json
2018-03-04 22:12:18,510 - crawler_application - INFO - extracted 900 records
2018-03-04 22:12:18,510 - crawler_application - INFO - extracted 900 records
2018-03-04 22:12:18,511 - crawler_application - INFO - start 900, num 100
2018-03-04 22:12:18,511 - crawler_application - INFO - start 900, num 100
2018-03-04 22:12:18,512 - crawler_application - DEBUG - sleeping 5 seconds
2018-03-04 22:12:18,512 - crawler_application - DEBUG - sleeping 5 seconds
2018-03-04 22:12:30,525 - crawler_application - INFO - requesting url http://www.regione.toscana.it/bancadati/search?site=atti&client=fend_json&output=xml_no_dtd&getfields=*&ulang=it&ie=UTF-8&proxystylesheet=fend_json&start=900&num=100&filter=0&rc=1&q=inmeta%3AID_TIPO_PRATICA%3DMON+AND+inmeta%3AALLEGATO_DESCRIZIONE%3Dvoid&sort=meta%3ACODICE_PRATICA%3AD
2018-03-04 22:12:30,525 - crawler_application - INFO - requesting url http://www.regione.toscana.it/bancadati/search?site=atti&client=fend_json&output=xml_no_dtd&getfields=*&ulang=it&ie=UTF-8&proxystylesheet=fend_json&start=900&num=100&filter=0&rc=1&q=inmeta%3AID_TIPO_PRATICA%3DMON+AND+inmeta%3AALLEGATO_DESCRIZIONE%3Dvoid&sort=meta%3ACODICE_PRATICA%3AD
2018-03-04 22:12:31,557 - crawler_application - INFO - got status 200 for url http://www.regione.toscana.it/bancadati/search?site=atti&client=fend_json&output=xml_no_dtd&getfields=*&ulang=it&ie=UTF-8&proxystylesheet=fend_json&start=900&num=100&filter=0&rc=1&q=inmeta%3AID_TIPO_PRATICA%3DMON+AND+inmeta%3AALLEGATO_DESCRIZIONE%3Dvoid&sort=meta%3ACODICE_PRATICA%3AD
2018-03-04 22:12:31,557 - crawler_application - INFO - got status 200 for url http://www.regione.toscana.it/bancadati/search?site=atti&client=fend_json&output=xml_no_dtd&getfields=*&ulang=it&ie=UTF-8&proxystylesheet=fend_json&start=900&num=100&filter=0&rc=1&q=inmeta%3AID_TIPO_PRATICA%3DMON+AND+inmeta%3AALLEGATO_DESCRIZIONE%3Dvoid&sort=meta%3ACODICE_PRATICA%3AD
2018-03-04 22:12:31,568 - crawler_application - INFO - saved result in regione-toscana/regione-toscana-result-atti-dirigenti-900-1000.json
2018-03-04 22:12:31,568 - crawler_application - INFO - saved result in regione-toscana/regione-toscana-result-atti-dirigenti-900-1000.json
2018-03-04 22:12:31,570 - crawler_application - INFO - extracted 1000 records
2018-03-04 22:12:31,570 - crawler_application - INFO - extracted 1000 records
2018-03-04 22:12:31,570 - crawler_application - INFO - start 1000, num 100
2018-03-04 22:12:31,570 - crawler_application - INFO - start 1000, num 100
2018-03-04 22:12:31,571 - crawler_application - DEBUG - sleeping 4 seconds
2018-03-04 22:12:31,571 - crawler_application - DEBUG - sleeping 4 seconds
2018-03-04 22:12:47,588 - crawler_application - INFO - requesting url http://www.regione.toscana.it/bancadati/search?site=atti&client=fend_json&output=xml_no_dtd&getfields=*&ulang=it&ie=UTF-8&proxystylesheet=fend_json&start=1000&num=100&filter=0&rc=1&q=inmeta%3AID_TIPO_PRATICA%3DMON+AND+inmeta%3AALLEGATO_DESCRIZIONE%3Dvoid&sort=meta%3ACODICE_PRATICA%3AD
2018-03-04 22:12:47,588 - crawler_application - INFO - requesting url http://www.regione.toscana.it/bancadati/search?site=atti&client=fend_json&output=xml_no_dtd&getfields=*&ulang=it&ie=UTF-8&proxystylesheet=fend_json&start=1000&num=100&filter=0&rc=1&q=inmeta%3AID_TIPO_PRATICA%3DMON+AND+inmeta%3AALLEGATO_DESCRIZIONE%3Dvoid&sort=meta%3ACODICE_PRATICA%3AD
2018-03-04 22:12:47,798 - crawler_application - INFO - got status 200 for url http://www.regione.toscana.it/bancadati/search?site=atti&client=fend_json&output=xml_no_dtd&getfields=*&ulang=it&ie=UTF-8&proxystylesheet=fend_json&start=1000&num=100&filter=0&rc=1&q=inmeta%3AID_TIPO_PRATICA%3DMON+AND+inmeta%3AALLEGATO_DESCRIZIONE%3Dvoid&sort=meta%3ACODICE_PRATICA%3AD
2018-03-04 22:12:47,798 - crawler_application - INFO - got status 200 for url http://www.regione.toscana.it/bancadati/search?site=atti&client=fend_json&output=xml_no_dtd&getfields=*&ulang=it&ie=UTF-8&proxystylesheet=fend_json&start=1000&num=100&filter=0&rc=1&q=inmeta%3AID_TIPO_PRATICA%3DMON+AND+inmeta%3AALLEGATO_DESCRIZIONE%3Dvoid&sort=meta%3ACODICE_PRATICA%3AD
2018-03-04 22:12:47,801 - crawler_application - ERROR - no results skipped http://www.regione.toscana.it/bancadati/search?site=atti&client=fend_json&output=xml_no_dtd&getfields=*&ulang=it&ie=UTF-8&proxystylesheet=fend_json&start=1000&num=100&filter=0&rc=1&q=inmeta%3AID_TIPO_PRATICA%3DMON+AND+inmeta%3AALLEGATO_DESCRIZIONE%3Dvoid&sort=meta%3ACODICE_PRATICA%3AD 
 {'GSP': {'script_report_load': '/click?&q=inmeta%3AID_TIPO_PRATICA%253DMON%2BAND%2Binmeta%3AALLEGATO_DESCRIZIONE%253Dvoid&ct=load&s=1000&site=atti', 'TM': '0.000801', 'Q': 'inmeta:ID_TIPO_PRATICA=MON AND inmeta:ALLEGATO_DESCRIZIONE=void', 'PARAM': [{'site': {'value': 'atti', 'original_value': 'atti'}, 'client': {'value': 'fend_json', 'original_value': 'fend_json'}, 'output': {'value': 'xml_no_dtd', 'original_value': 'xml_no_dtd'}, 'getfields': {'value': '*', 'original_value': '*'}, 'ulang': {'value': '', 'original_value': ''}, 'ie': {'value': 'UTF-8', 'original_value': 'UTF-8'}, 'proxystylesheet': {'value': 'fend_json', 'original_value': 'fend_json'}, 'start': {'value': '1000', 'original_value': '1000'}, 'num': {'value': '100', 'original_value': '100'}, 'filter': {'value': '0', 'original_value': '0'}, 'rc': {'value': '1', 'original_value': '1'}, 'q': {'value': 'inmeta:ID_TIPO_PRATICA=MON AND inmeta:ALLEGATO_DESCRIZIONE=void', 'original_value': 'inmeta:ID_TIPO_PRATICA%3DMON+AND+inmeta:ALLEGATO_DESCRIZIONE%3Dvoid'}, 'sort': {'value': 'meta:CODICE_PRATICA:D', 'original_value': 'meta:CODICE_PRATICA:D'}, 'ip': {'value': '188.217.209.145', 'original_value': '188.217.209.145'}, 'access': {'value': 'p', 'original_value': 'p'}, 'entqr': {'value': '3', 'original_value': '3'}, 'entqrm': {'value': '0', 'original_value': '0'}, 'wc': {'value': '200', 'original_value': '200'}, 'wc_mc': {'value': '1', 'original_value': '1'}, 'oe': {'value': 'UTF-8', 'original_value': 'UTF-8'}, 'ud': {'value': '1', 'original_value': '1'}}]}}
2018-03-04 22:12:47,801 - crawler_application - ERROR - no results skipped http://www.regione.toscana.it/bancadati/search?site=atti&client=fend_json&output=xml_no_dtd&getfields=*&ulang=it&ie=UTF-8&proxystylesheet=fend_json&start=1000&num=100&filter=0&rc=1&q=inmeta%3AID_TIPO_PRATICA%3DMON+AND+inmeta%3AALLEGATO_DESCRIZIONE%3Dvoid&sort=meta%3ACODICE_PRATICA%3AD 
 {'GSP': {'script_report_load': '/click?&q=inmeta%3AID_TIPO_PRATICA%253DMON%2BAND%2Binmeta%3AALLEGATO_DESCRIZIONE%253Dvoid&ct=load&s=1000&site=atti', 'TM': '0.000801', 'Q': 'inmeta:ID_TIPO_PRATICA=MON AND inmeta:ALLEGATO_DESCRIZIONE=void', 'PARAM': [{'site': {'value': 'atti', 'original_value': 'atti'}, 'client': {'value': 'fend_json', 'original_value': 'fend_json'}, 'output': {'value': 'xml_no_dtd', 'original_value': 'xml_no_dtd'}, 'getfields': {'value': '*', 'original_value': '*'}, 'ulang': {'value': '', 'original_value': ''}, 'ie': {'value': 'UTF-8', 'original_value': 'UTF-8'}, 'proxystylesheet': {'value': 'fend_json', 'original_value': 'fend_json'}, 'start': {'value': '1000', 'original_value': '1000'}, 'num': {'value': '100', 'original_value': '100'}, 'filter': {'value': '0', 'original_value': '0'}, 'rc': {'value': '1', 'original_value': '1'}, 'q': {'value': 'inmeta:ID_TIPO_PRATICA=MON AND inmeta:ALLEGATO_DESCRIZIONE=void', 'original_value': 'inmeta:ID_TIPO_PRATICA%3DMON+AND+inmeta:ALLEGATO_DESCRIZIONE%3Dvoid'}, 'sort': {'value': 'meta:CODICE_PRATICA:D', 'original_value': 'meta:CODICE_PRATICA:D'}, 'ip': {'value': '188.217.209.145', 'original_value': '188.217.209.145'}, 'access': {'value': 'p', 'original_value': 'p'}, 'entqr': {'value': '3', 'original_value': '3'}, 'entqrm': {'value': '0', 'original_value': '0'}, 'wc': {'value': '200', 'original_value': '200'}, 'wc_mc': {'value': '1', 'original_value': '1'}, 'oe': {'value': 'UTF-8', 'original_value': 'UTF-8'}, 'ud': {'value': '1', 'original_value': '1'}}]}}
2018-03-04 22:12:47,804 - crawler_application - INFO - extracted 1000 records
2018-03-04 22:12:47,804 - crawler_application - INFO - extracted 1000 records
